<?xml version="1.0" encoding="UTF-8"?>
<coverage generated="1582557729391" clover="3.2.0">
  <project timestamp="1582557729391" name="All files">
    <metrics statements="50" coveredstatements="32" conditionals="17" coveredconditionals="7" methods="16" coveredmethods="13" elements="83" coveredelements="52" complexity="0" loc="50" ncloc="50" packages="3" files="5" classes="5"/>
    <package name="src">
      <metrics statements="28" coveredstatements="10" conditionals="11" coveredconditionals="2" methods="7" coveredmethods="4"/>
      <file name="apiIntegration.js" path="/Users/maxchristl/Documents/University/Master/group_project/positive-statesman/frontend/src/apiIntegration.js">
        <metrics statements="28" coveredstatements="10" conditionals="11" coveredconditionals="2" methods="7" coveredmethods="4"/>
        <line num="1" count="1" type="stmt"/>
        <line num="4" count="4" type="stmt"/>
        <line num="5" count="4" type="cond" truecount="2" falsecount="2"/>
        <line num="6" count="0" type="stmt"/>
        <line num="7" count="0" type="stmt"/>
        <line num="8" count="0" type="stmt"/>
        <line num="9" count="0" type="cond" truecount="0" falsecount="2"/>
        <line num="10" count="0" type="stmt"/>
        <line num="11" count="0" type="stmt"/>
        <line num="15" count="4" type="stmt"/>
        <line num="19" count="0" type="stmt"/>
        <line num="20" count="0" type="stmt"/>
        <line num="21" count="0" type="stmt"/>
        <line num="22" count="0" type="cond" truecount="0" falsecount="2"/>
        <line num="23" count="0" type="cond" truecount="0" falsecount="2"/>
        <line num="24" count="0" type="stmt"/>
        <line num="25" count="0" type="stmt"/>
        <line num="29" count="0" type="stmt"/>
        <line num="30" count="0" type="stmt"/>
        <line num="32" count="0" type="stmt"/>
        <line num="40" count="0" type="stmt"/>
        <line num="41" count="0" type="stmt"/>
        <line num="53" count="4" type="stmt"/>
        <line num="54" count="4" type="stmt"/>
        <line num="56" count="4" type="stmt"/>
        <line num="65" count="4" type="stmt"/>
        <line num="66" count="4" type="stmt"/>
        <line num="67" count="4" type="stmt"/>
      </file>
    </package>
    <package name="src.assets.styles.components.headers">
      <metrics statements="2" coveredstatements="2" conditionals="0" coveredconditionals="0" methods="0" coveredmethods="0"/>
      <file name="CategoryBar.js" path="/Users/maxchristl/Documents/University/Master/group_project/positive-statesman/frontend/src/assets/styles/components/headers/CategoryBar.js">
        <metrics statements="1" coveredstatements="1" conditionals="0" coveredconditionals="0" methods="0" coveredmethods="0"/>
        <line num="1" count="2" type="stmt"/>
      </file>
      <file name="HeaderBar.js" path="/Users/maxchristl/Documents/University/Master/group_project/positive-statesman/frontend/src/assets/styles/components/headers/HeaderBar.js">
        <metrics statements="1" coveredstatements="1" conditionals="0" coveredconditionals="0" methods="0" coveredmethods="0"/>
        <line num="3" count="1" type="stmt"/>
      </file>
    </package>
    <package name="src.components.headers">
      <metrics statements="20" coveredstatements="20" conditionals="6" coveredconditionals="5" methods="9" coveredmethods="9"/>
      <file name="CategoryBar.js" path="/Users/maxchristl/Documents/University/Master/group_project/positive-statesman/frontend/src/components/headers/CategoryBar.js">
        <metrics statements="6" coveredstatements="6" conditionals="0" coveredconditionals="0" methods="3" coveredmethods="3"/>
        <line num="17" count="18" type="stmt"/>
        <line num="18" count="18" type="stmt"/>
        <line num="23" count="18" type="stmt"/>
        <line num="24" count="6" type="stmt"/>
        <line num="28" count="37" type="stmt"/>
        <line num="29" count="37" type="stmt"/>
      </file>
      <file name="HeaderBar.js" path="/Users/maxchristl/Documents/University/Master/group_project/positive-statesman/frontend/src/components/headers/HeaderBar.js">
        <metrics statements="14" coveredstatements="14" conditionals="6" coveredconditionals="5" methods="6" coveredmethods="6"/>
        <line num="29" count="12" type="stmt"/>
        <line num="30" count="12" type="stmt"/>
        <line num="36" count="12" type="stmt"/>
        <line num="37" count="2" type="stmt"/>
        <line num="40" count="12" type="stmt"/>
        <line num="41" count="4" type="stmt"/>
        <line num="42" count="4" type="stmt"/>
        <line num="45" count="12" type="stmt"/>
        <line num="46" count="11" type="stmt"/>
        <line num="49" count="12" type="stmt"/>
        <line num="50" count="2" type="cond" truecount="1" falsecount="1"/>
        <line num="51" count="2" type="stmt"/>
        <line num="56" count="25" type="stmt"/>
        <line num="57" count="25" type="stmt"/>
      </file>
    </package>
  </project>
</coverage>
