<?xml version="1.0" encoding="UTF-8"?>
<coverage generated="1582717054221" clover="3.2.0">
  <project timestamp="1582717054221" name="All files">
    <metrics statements="74" coveredstatements="68" conditionals="25" coveredconditionals="19" methods="27" coveredmethods="27" elements="126" coveredelements="114" complexity="0" loc="74" ncloc="74" packages="5" files="11" classes="11"/>
    <package name="src">
      <metrics statements="32" coveredstatements="26" conditionals="11" coveredconditionals="6" methods="9" coveredmethods="9"/>
      <file name="apiIntegration.js" path="/Users/maxchristl/Documents/University/Master/group_project/positive-statesman/frontend/src/apiIntegration.js">
        <metrics statements="32" coveredstatements="26" conditionals="11" coveredconditionals="6" methods="9" coveredmethods="9"/>
        <line num="1" count="4" type="stmt"/>
        <line num="4" count="7" type="stmt"/>
        <line num="5" count="7" type="cond" truecount="2" falsecount="2"/>
        <line num="6" count="0" type="stmt"/>
        <line num="7" count="0" type="stmt"/>
        <line num="8" count="0" type="stmt"/>
        <line num="9" count="0" type="cond" truecount="0" falsecount="2"/>
        <line num="10" count="0" type="stmt"/>
        <line num="11" count="0" type="stmt"/>
        <line num="15" count="7" type="stmt"/>
        <line num="19" count="3" type="stmt"/>
        <line num="20" count="3" type="stmt"/>
        <line num="21" count="3" type="stmt"/>
        <line num="22" count="18" type="cond" truecount="2" falsecount="0"/>
        <line num="23" count="9" type="cond" truecount="2" falsecount="0"/>
        <line num="24" count="9" type="stmt"/>
        <line num="25" count="9" type="stmt"/>
        <line num="29" count="3" type="stmt"/>
        <line num="30" count="3" type="stmt"/>
        <line num="32" count="3" type="stmt"/>
        <line num="50" count="3" type="stmt"/>
        <line num="51" count="3" type="stmt"/>
        <line num="53" count="3" type="stmt"/>
        <line num="62" count="3" type="stmt"/>
        <line num="63" count="3" type="stmt"/>
        <line num="64" count="3" type="stmt"/>
        <line num="74" count="4" type="stmt"/>
        <line num="75" count="4" type="stmt"/>
        <line num="77" count="4" type="stmt"/>
        <line num="86" count="4" type="stmt"/>
        <line num="87" count="4" type="stmt"/>
        <line num="88" count="4" type="stmt"/>
      </file>
    </package>
    <package name="src.assets.styles.components.headers">
      <metrics statements="2" coveredstatements="2" conditionals="0" coveredconditionals="0" methods="0" coveredmethods="0"/>
      <file name="CategoryBar.js" path="/Users/maxchristl/Documents/University/Master/group_project/positive-statesman/frontend/src/assets/styles/components/headers/CategoryBar.js">
        <metrics statements="1" coveredstatements="1" conditionals="0" coveredconditionals="0" methods="0" coveredmethods="0"/>
        <line num="1" count="2" type="stmt"/>
      </file>
      <file name="HeaderBar.js" path="/Users/maxchristl/Documents/University/Master/group_project/positive-statesman/frontend/src/assets/styles/components/headers/HeaderBar.js">
        <metrics statements="1" coveredstatements="1" conditionals="0" coveredconditionals="0" methods="0" coveredmethods="0"/>
        <line num="3" count="1" type="stmt"/>
      </file>
    </package>
    <package name="src.assets.styles.components.newsfeed">
      <metrics statements="3" coveredstatements="3" conditionals="0" coveredconditionals="0" methods="0" coveredmethods="0"/>
      <file name="ArticleVote.js" path="/Users/maxchristl/Documents/University/Master/group_project/positive-statesman/frontend/src/assets/styles/components/newsfeed/ArticleVote.js">
        <metrics statements="1" coveredstatements="1" conditionals="0" coveredconditionals="0" methods="0" coveredmethods="0"/>
        <line num="1" count="3" type="stmt"/>
      </file>
      <file name="NewsFeedHeader.js" path="/Users/maxchristl/Documents/University/Master/group_project/positive-statesman/frontend/src/assets/styles/components/newsfeed/NewsFeedHeader.js">
        <metrics statements="1" coveredstatements="1" conditionals="0" coveredconditionals="0" methods="0" coveredmethods="0"/>
        <line num="1" count="1" type="stmt"/>
      </file>
      <file name="NewsFeedHeaderItem.js" path="/Users/maxchristl/Documents/University/Master/group_project/positive-statesman/frontend/src/assets/styles/components/newsfeed/NewsFeedHeaderItem.js">
        <metrics statements="1" coveredstatements="1" conditionals="0" coveredconditionals="0" methods="0" coveredmethods="0"/>
        <line num="1" count="2" type="stmt"/>
      </file>
    </package>
    <package name="src.components.headers">
      <metrics statements="20" coveredstatements="20" conditionals="6" coveredconditionals="5" methods="9" coveredmethods="9"/>
      <file name="CategoryBar.js" path="/Users/maxchristl/Documents/University/Master/group_project/positive-statesman/frontend/src/components/headers/CategoryBar.js">
        <metrics statements="6" coveredstatements="6" conditionals="0" coveredconditionals="0" methods="3" coveredmethods="3"/>
        <line num="17" count="18" type="stmt"/>
        <line num="18" count="18" type="stmt"/>
        <line num="23" count="18" type="stmt"/>
        <line num="24" count="6" type="stmt"/>
        <line num="28" count="37" type="stmt"/>
        <line num="29" count="37" type="stmt"/>
      </file>
      <file name="HeaderBar.js" path="/Users/maxchristl/Documents/University/Master/group_project/positive-statesman/frontend/src/components/headers/HeaderBar.js">
        <metrics statements="14" coveredstatements="14" conditionals="6" coveredconditionals="5" methods="6" coveredmethods="6"/>
        <line num="29" count="12" type="stmt"/>
        <line num="30" count="12" type="stmt"/>
        <line num="36" count="12" type="stmt"/>
        <line num="37" count="2" type="stmt"/>
        <line num="40" count="12" type="stmt"/>
        <line num="41" count="4" type="stmt"/>
        <line num="42" count="4" type="stmt"/>
        <line num="45" count="12" type="stmt"/>
        <line num="46" count="11" type="stmt"/>
        <line num="49" count="12" type="stmt"/>
        <line num="50" count="2" type="cond" truecount="1" falsecount="1"/>
        <line num="51" count="2" type="stmt"/>
        <line num="56" count="25" type="stmt"/>
        <line num="57" count="25" type="stmt"/>
      </file>
    </package>
    <package name="src.components.newsfeed">
      <metrics statements="17" coveredstatements="17" conditionals="8" coveredconditionals="8" methods="9" coveredmethods="9"/>
      <file name="ArticleVote.js" path="/Users/maxchristl/Documents/University/Master/group_project/positive-statesman/frontend/src/components/newsfeed/ArticleVote.js">
        <metrics statements="5" coveredstatements="5" conditionals="0" coveredconditionals="0" methods="4" coveredmethods="4"/>
        <line num="19" count="45" type="stmt"/>
        <line num="21" count="45" type="stmt"/>
        <line num="23" count="1" type="stmt"/>
        <line num="26" count="1" type="stmt"/>
        <line num="29" count="1" type="stmt"/>
      </file>
      <file name="NewsFeedHeader.js" path="/Users/maxchristl/Documents/University/Master/group_project/positive-statesman/frontend/src/components/newsfeed/NewsFeedHeader.js">
        <metrics statements="9" coveredstatements="9" conditionals="4" coveredconditionals="4" methods="4" coveredmethods="4"/>
        <line num="22" count="3" type="stmt"/>
        <line num="23" count="3" type="stmt"/>
        <line num="32" count="3" type="stmt"/>
        <line num="33" count="3" type="stmt"/>
        <line num="37" count="9" type="stmt"/>
        <line num="42" count="9" type="stmt"/>
        <line num="43" count="9" type="stmt"/>
        <line num="45" count="9" type="stmt"/>
        <line num="54" count="12" type="stmt"/>
      </file>
      <file name="NewsFeedHeaderItem.js" path="/Users/maxchristl/Documents/University/Master/group_project/positive-statesman/frontend/src/components/newsfeed/NewsFeedHeaderItem.js">
        <metrics statements="3" coveredstatements="3" conditionals="4" coveredconditionals="4" methods="1" coveredmethods="1"/>
        <line num="25" count="42" type="stmt"/>
        <line num="26" count="42" type="stmt"/>
        <line num="28" count="42" type="stmt"/>
      </file>
    </package>
  </project>
</coverage>
