{"/Users/maxchristl/Documents/University/Master/group_project/positive-statesman/frontend/src/apiIntegration.js": {"path":"/Users/maxchristl/Documents/University/Master/group_project/positive-statesman/frontend/src/apiIntegration.js","statementMap":{"0":{"start":{"line":1,"column":22},"end":{"line":1,"column":112}},"1":{"start":{"line":4,"column":20},"end":{"line":4,"column":24}},"2":{"start":{"line":5,"column":2},"end":{"line":14,"column":3}},"3":{"start":{"line":6,"column":18},"end":{"line":6,"column":44}},"4":{"start":{"line":7,"column":4},"end":{"line":13,"column":5}},"5":{"start":{"line":7,"column":17},"end":{"line":7,"column":18}},"6":{"start":{"line":8,"column":19},"end":{"line":8,"column":63}},"7":{"start":{"line":9,"column":6},"end":{"line":12,"column":7}},"8":{"start":{"line":10,"column":8},"end":{"line":10,"column":76}},"9":{"start":{"line":11,"column":8},"end":{"line":11,"column":14}},"10":{"start":{"line":15,"column":2},"end":{"line":15,"column":21}},"11":{"start":{"line":19,"column":14},"end":{"line":19,"column":30}},"12":{"start":{"line":20,"column":14},"end":{"line":20,"column":18}},"13":{"start":{"line":21,"column":2},"end":{"line":27,"column":5}},"14":{"start":{"line":22,"column":4},"end":{"line":26,"column":5}},"15":{"start":{"line":23,"column":6},"end":{"line":23,"column":32}},"16":{"start":{"line":24,"column":6},"end":{"line":24,"column":42}},"17":{"start":{"line":25,"column":6},"end":{"line":25,"column":20}},"18":{"start":{"line":29,"column":19},"end":{"line":29,"column":37}},"19":{"start":{"line":30,"column":19},"end":{"line":30,"column":34}},"20":{"start":{"line":32,"column":2},"end":{"line":32,"column":18}},"21":{"start":{"line":50,"column":2},"end":{"line":50,"column":74}},"22":{"start":{"line":51,"column":18},"end":{"line":51,"column":40}},"23":{"start":{"line":53,"column":2},"end":{"line":66,"column":5}},"24":{"start":{"line":62,"column":4},"end":{"line":62,"column":26}},"25":{"start":{"line":63,"column":4},"end":{"line":65,"column":7}},"26":{"start":{"line":64,"column":6},"end":{"line":64,"column":24}},"27":{"start":{"line":74,"column":2},"end":{"line":74,"column":51}},"28":{"start":{"line":75,"column":18},"end":{"line":75,"column":40}},"29":{"start":{"line":77,"column":2},"end":{"line":90,"column":5}},"30":{"start":{"line":86,"column":4},"end":{"line":86,"column":26}},"31":{"start":{"line":87,"column":4},"end":{"line":89,"column":7}},"32":{"start":{"line":88,"column":6},"end":{"line":88,"column":24}}},"fnMap":{"0":{"name":"getCookie","decl":{"start":{"line":3,"column":9},"end":{"line":3,"column":18}},"loc":{"start":{"line":3,"column":25},"end":{"line":16,"column":1}},"line":3},"1":{"name":"fetchArticles","decl":{"start":{"line":18,"column":15},"end":{"line":18,"column":28}},"loc":{"start":{"line":18,"column":42},"end":{"line":33,"column":1}},"line":18},"2":{"name":"(anonymous_2)","decl":{"start":{"line":21,"column":24},"end":{"line":21,"column":25}},"loc":{"start":{"line":21,"column":33},"end":{"line":27,"column":3}},"line":21},"3":{"name":"userFeedback","decl":{"start":{"line":49,"column":15},"end":{"line":49,"column":27}},"loc":{"start":{"line":49,"column":38},"end":{"line":67,"column":1}},"line":49},"4":{"name":"(anonymous_4)","decl":{"start":{"line":61,"column":10},"end":{"line":61,"column":11}},"loc":{"start":{"line":61,"column":24},"end":{"line":66,"column":3}},"line":61},"5":{"name":"(anonymous_5)","decl":{"start":{"line":63,"column":25},"end":{"line":63,"column":26}},"loc":{"start":{"line":63,"column":35},"end":{"line":65,"column":5}},"line":63},"6":{"name":"addStory","decl":{"start":{"line":73,"column":15},"end":{"line":73,"column":23}},"loc":{"start":{"line":73,"column":29},"end":{"line":91,"column":1}},"line":73},"7":{"name":"(anonymous_7)","decl":{"start":{"line":85,"column":10},"end":{"line":85,"column":11}},"loc":{"start":{"line":85,"column":24},"end":{"line":90,"column":3}},"line":85},"8":{"name":"(anonymous_8)","decl":{"start":{"line":87,"column":25},"end":{"line":87,"column":26}},"loc":{"start":{"line":87,"column":35},"end":{"line":89,"column":5}},"line":87}},"branchMap":{"0":{"loc":{"start":{"line":5,"column":2},"end":{"line":14,"column":3}},"type":"if","locations":[{"start":{"line":5,"column":2},"end":{"line":14,"column":3}},{"start":{"line":5,"column":2},"end":{"line":14,"column":3}}],"line":5},"1":{"loc":{"start":{"line":5,"column":6},"end":{"line":5,"column":47}},"type":"binary-expr","locations":[{"start":{"line":5,"column":6},"end":{"line":5,"column":21}},{"start":{"line":5,"column":25},"end":{"line":5,"column":47}}],"line":5},"2":{"loc":{"start":{"line":9,"column":6},"end":{"line":12,"column":7}},"type":"if","locations":[{"start":{"line":9,"column":6},"end":{"line":12,"column":7}},{"start":{"line":9,"column":6},"end":{"line":12,"column":7}}],"line":9},"3":{"loc":{"start":{"line":18,"column":29},"end":{"line":18,"column":40}},"type":"default-arg","locations":[{"start":{"line":18,"column":38},"end":{"line":18,"column":40}}],"line":18},"4":{"loc":{"start":{"line":22,"column":4},"end":{"line":26,"column":5}},"type":"if","locations":[{"start":{"line":22,"column":4},"end":{"line":26,"column":5}},{"start":{"line":22,"column":4},"end":{"line":26,"column":5}}],"line":22},"5":{"loc":{"start":{"line":23,"column":15},"end":{"line":23,"column":32}},"type":"cond-expr","locations":[{"start":{"line":23,"column":23},"end":{"line":23,"column":26}},{"start":{"line":23,"column":29},"end":{"line":23,"column":32}}],"line":23}},"s":{"0":2,"1":7,"2":7,"3":0,"4":0,"5":0,"6":0,"7":0,"8":0,"9":0,"10":7,"11":0,"12":0,"13":0,"14":0,"15":0,"16":0,"17":0,"18":0,"19":0,"20":0,"21":3,"22":3,"23":3,"24":3,"25":3,"26":3,"27":4,"28":4,"29":4,"30":4,"31":4,"32":4},"f":{"0":7,"1":0,"2":0,"3":3,"4":3,"5":3,"6":4,"7":4,"8":4},"b":{"0":[0,7],"1":[7,0],"2":[0,0],"3":[0],"4":[0,0],"5":[0,0]},"_coverageSchema":"1a1c01bbd47fc00a2c39e90264f33305004495a9","hash":"b0fae730e4397ae8aa7d9edde7fc2ac941cf0cca"}
,"/Users/maxchristl/Documents/University/Master/group_project/positive-statesman/frontend/src/assets/styles/components/headers/CategoryBar.js": {"path":"/Users/maxchristl/Documents/University/Master/group_project/positive-statesman/frontend/src/assets/styles/components/headers/CategoryBar.js","statementMap":{"0":{"start":{"line":1,"column":15},"end":{"line":10,"column":1}}},"fnMap":{},"branchMap":{},"s":{"0":2},"f":{},"b":{},"_coverageSchema":"1a1c01bbd47fc00a2c39e90264f33305004495a9","hash":"8deaa54dbd1a3e06da196dc01e6b9aee608cd80b"}
,"/Users/maxchristl/Documents/University/Master/group_project/positive-statesman/frontend/src/assets/styles/components/headers/HeaderBar.js": {"path":"/Users/maxchristl/Documents/University/Master/group_project/positive-statesman/frontend/src/assets/styles/components/headers/HeaderBar.js","statementMap":{"0":{"start":{"line":3,"column":15},"end":{"line":103,"column":1}}},"fnMap":{},"branchMap":{},"s":{"0":1},"f":{},"b":{},"_coverageSchema":"1a1c01bbd47fc00a2c39e90264f33305004495a9","hash":"faab06a55df2c304470484e85cafea31cbf4b84c"}
,"/Users/maxchristl/Documents/University/Master/group_project/positive-statesman/frontend/src/assets/styles/components/newsfeed/ArticleVote.js": {"path":"/Users/maxchristl/Documents/University/Master/group_project/positive-statesman/frontend/src/assets/styles/components/newsfeed/ArticleVote.js","statementMap":{"0":{"start":{"line":1,"column":15},"end":{"line":20,"column":1}}},"fnMap":{},"branchMap":{},"s":{"0":1},"f":{},"b":{},"_coverageSchema":"1a1c01bbd47fc00a2c39e90264f33305004495a9","hash":"62746c8a9177045f2c1f722b63b12abc90e69491"}
,"/Users/maxchristl/Documents/University/Master/group_project/positive-statesman/frontend/src/components/headers/CategoryBar.js": {"path":"/Users/maxchristl/Documents/University/Master/group_project/positive-statesman/frontend/src/components/headers/CategoryBar.js","statementMap":{"0":{"start":{"line":17,"column":8},"end":{"line":17,"column":21}},"1":{"start":{"line":18,"column":8},"end":{"line":20,"column":9}},"2":{"start":{"line":23,"column":23},"end":{"line":25,"column":5}},"3":{"start":{"line":24,"column":8},"end":{"line":24,"column":45}},"4":{"start":{"line":28,"column":28},"end":{"line":28,"column":38}},"5":{"start":{"line":29,"column":8},"end":{"line":45,"column":9}}},"fnMap":{"0":{"name":"(anonymous_0)","decl":{"start":{"line":16,"column":4},"end":{"line":16,"column":5}},"loc":{"start":{"line":16,"column":23},"end":{"line":21,"column":5}},"line":16},"1":{"name":"(anonymous_1)","decl":{"start":{"line":23,"column":23},"end":{"line":23,"column":24}},"loc":{"start":{"line":23,"column":44},"end":{"line":25,"column":5}},"line":23},"2":{"name":"(anonymous_2)","decl":{"start":{"line":27,"column":4},"end":{"line":27,"column":5}},"loc":{"start":{"line":27,"column":13},"end":{"line":46,"column":5}},"line":27}},"branchMap":{},"s":{"0":18,"1":18,"2":18,"3":6,"4":37,"5":37},"f":{"0":18,"1":6,"2":37},"b":{},"_coverageSchema":"1a1c01bbd47fc00a2c39e90264f33305004495a9","hash":"978d2ff1ef1cbda7aed8f206241a46c0b432a46f"}
,"/Users/maxchristl/Documents/University/Master/group_project/positive-statesman/frontend/src/components/headers/HeaderBar.js": {"path":"/Users/maxchristl/Documents/University/Master/group_project/positive-statesman/frontend/src/components/headers/HeaderBar.js","statementMap":{"0":{"start":{"line":29,"column":8},"end":{"line":29,"column":21}},"1":{"start":{"line":30,"column":8},"end":{"line":33,"column":9}},"2":{"start":{"line":36,"column":24},"end":{"line":38,"column":5}},"3":{"start":{"line":37,"column":8},"end":{"line":37,"column":50}},"4":{"start":{"line":40,"column":24},"end":{"line":43,"column":5}},"5":{"start":{"line":41,"column":8},"end":{"line":41,"column":32}},"6":{"start":{"line":42,"column":8},"end":{"line":42,"column":29}},"7":{"start":{"line":45,"column":21},"end":{"line":47,"column":5}},"8":{"start":{"line":46,"column":8},"end":{"line":46,"column":61}},"9":{"start":{"line":49,"column":20},"end":{"line":52,"column":5}},"10":{"start":{"line":50,"column":8},"end":{"line":51,"column":36}},"11":{"start":{"line":51,"column":12},"end":{"line":51,"column":36}},"12":{"start":{"line":56,"column":28},"end":{"line":56,"column":38}},"13":{"start":{"line":57,"column":8},"end":{"line":100,"column":9}}},"fnMap":{"0":{"name":"(anonymous_0)","decl":{"start":{"line":28,"column":4},"end":{"line":28,"column":5}},"loc":{"start":{"line":28,"column":23},"end":{"line":34,"column":5}},"line":28},"1":{"name":"(anonymous_1)","decl":{"start":{"line":36,"column":24},"end":{"line":36,"column":25}},"loc":{"start":{"line":36,"column":35},"end":{"line":38,"column":5}},"line":36},"2":{"name":"(anonymous_2)","decl":{"start":{"line":40,"column":24},"end":{"line":40,"column":25}},"loc":{"start":{"line":40,"column":30},"end":{"line":43,"column":5}},"line":40},"3":{"name":"(anonymous_3)","decl":{"start":{"line":45,"column":21},"end":{"line":45,"column":22}},"loc":{"start":{"line":45,"column":32},"end":{"line":47,"column":5}},"line":45},"4":{"name":"(anonymous_4)","decl":{"start":{"line":49,"column":20},"end":{"line":49,"column":21}},"loc":{"start":{"line":49,"column":31},"end":{"line":52,"column":5}},"line":49},"5":{"name":"(anonymous_5)","decl":{"start":{"line":55,"column":4},"end":{"line":55,"column":5}},"loc":{"start":{"line":55,"column":13},"end":{"line":101,"column":5}},"line":55}},"branchMap":{"0":{"loc":{"start":{"line":50,"column":8},"end":{"line":51,"column":36}},"type":"if","locations":[{"start":{"line":50,"column":8},"end":{"line":51,"column":36}},{"start":{"line":50,"column":8},"end":{"line":51,"column":36}}],"line":50},"1":{"loc":{"start":{"line":65,"column":25},"end":{"line":78,"column":25}},"type":"binary-expr","locations":[{"start":{"line":65,"column":25},"end":{"line":65,"column":47}},{"start":{"line":66,"column":28},"end":{"line":77,"column":37}}],"line":65},"2":{"loc":{"start":{"line":80,"column":25},"end":{"line":91,"column":29}},"type":"cond-expr","locations":[{"start":{"line":81,"column":28},"end":{"line":86,"column":36}},{"start":{"line":88,"column":32},"end":{"line":90,"column":41}}],"line":80}},"s":{"0":12,"1":12,"2":12,"3":2,"4":12,"5":4,"6":4,"7":12,"8":11,"9":12,"10":2,"11":2,"12":25,"13":25},"f":{"0":12,"1":2,"2":4,"3":11,"4":2,"5":25},"b":{"0":[2,0],"1":[25,16],"2":[9,16]},"_coverageSchema":"1a1c01bbd47fc00a2c39e90264f33305004495a9","hash":"12cd6ae38bb66ec6cd53c09b5f41a316875cf355"}
,"/Users/maxchristl/Documents/University/Master/group_project/positive-statesman/frontend/src/components/newsfeed/ArticleVote.js": {"path":"/Users/maxchristl/Documents/University/Master/group_project/positive-statesman/frontend/src/components/newsfeed/ArticleVote.js","statementMap":{"0":{"start":{"line":19,"column":28},"end":{"line":19,"column":38}},"1":{"start":{"line":21,"column":8},"end":{"line":33,"column":9}},"2":{"start":{"line":23,"column":98},"end":{"line":23,"column":144}},"3":{"start":{"line":26,"column":97},"end":{"line":26,"column":142}},"4":{"start":{"line":29,"column":98},"end":{"line":29,"column":144}}},"fnMap":{"0":{"name":"(anonymous_0)","decl":{"start":{"line":17,"column":4},"end":{"line":17,"column":5}},"loc":{"start":{"line":17,"column":13},"end":{"line":34,"column":5}},"line":17},"1":{"name":"(anonymous_1)","decl":{"start":{"line":23,"column":92},"end":{"line":23,"column":93}},"loc":{"start":{"line":23,"column":98},"end":{"line":23,"column":144}},"line":23},"2":{"name":"(anonymous_2)","decl":{"start":{"line":26,"column":91},"end":{"line":26,"column":92}},"loc":{"start":{"line":26,"column":97},"end":{"line":26,"column":142}},"line":26},"3":{"name":"(anonymous_3)","decl":{"start":{"line":29,"column":92},"end":{"line":29,"column":93}},"loc":{"start":{"line":29,"column":98},"end":{"line":29,"column":144}},"line":29}},"branchMap":{},"s":{"0":3,"1":3,"2":1,"3":1,"4":1},"f":{"0":3,"1":1,"2":1,"3":1},"b":{},"_coverageSchema":"1a1c01bbd47fc00a2c39e90264f33305004495a9","hash":"5ba21a6d1eb19f465b0136158b1977347e9372e9"}
}
