{"/Users/maxchristl/Documents/University/Master/group_project/positive-statesman/frontend/src/apiIntegration.js": {"path":"/Users/maxchristl/Documents/University/Master/group_project/positive-statesman/frontend/src/apiIntegration.js","statementMap":{"0":{"start":{"line":1,"column":22},"end":{"line":1,"column":112}},"1":{"start":{"line":4,"column":20},"end":{"line":4,"column":24}},"2":{"start":{"line":5,"column":2},"end":{"line":14,"column":3}},"3":{"start":{"line":6,"column":18},"end":{"line":6,"column":44}},"4":{"start":{"line":7,"column":4},"end":{"line":13,"column":5}},"5":{"start":{"line":7,"column":17},"end":{"line":7,"column":18}},"6":{"start":{"line":8,"column":19},"end":{"line":8,"column":63}},"7":{"start":{"line":9,"column":6},"end":{"line":12,"column":7}},"8":{"start":{"line":10,"column":8},"end":{"line":10,"column":76}},"9":{"start":{"line":11,"column":8},"end":{"line":11,"column":14}},"10":{"start":{"line":15,"column":2},"end":{"line":15,"column":21}},"11":{"start":{"line":19,"column":14},"end":{"line":19,"column":30}},"12":{"start":{"line":20,"column":14},"end":{"line":20,"column":18}},"13":{"start":{"line":21,"column":2},"end":{"line":27,"column":5}},"14":{"start":{"line":22,"column":4},"end":{"line":26,"column":5}},"15":{"start":{"line":23,"column":6},"end":{"line":23,"column":32}},"16":{"start":{"line":24,"column":6},"end":{"line":24,"column":42}},"17":{"start":{"line":25,"column":6},"end":{"line":25,"column":20}},"18":{"start":{"line":29,"column":19},"end":{"line":29,"column":37}},"19":{"start":{"line":30,"column":19},"end":{"line":30,"column":34}},"20":{"start":{"line":32,"column":2},"end":{"line":32,"column":18}},"21":{"start":{"line":36,"column":18},"end":{"line":36,"column":40}},"22":{"start":{"line":38,"column":2},"end":{"line":49,"column":5}},"23":{"start":{"line":47,"column":4},"end":{"line":48,"column":7}},"24":{"start":{"line":53,"column":18},"end":{"line":53,"column":40}},"25":{"start":{"line":54,"column":2},"end":{"line":67,"column":3}},"26":{"start":{"line":55,"column":19},"end":{"line":63,"column":6}},"27":{"start":{"line":64,"column":4},"end":{"line":64,"column":51}},"28":{"start":{"line":66,"column":4},"end":{"line":66,"column":16}},"29":{"start":{"line":71,"column":2},"end":{"line":82,"column":3}},"30":{"start":{"line":72,"column":19},"end":{"line":78,"column":6}},"31":{"start":{"line":79,"column":4},"end":{"line":79,"column":32}},"32":{"start":{"line":81,"column":4},"end":{"line":81,"column":15}},"33":{"start":{"line":86,"column":2},"end":{"line":97,"column":3}},"34":{"start":{"line":87,"column":19},"end":{"line":93,"column":6}},"35":{"start":{"line":94,"column":4},"end":{"line":94,"column":32}},"36":{"start":{"line":96,"column":4},"end":{"line":96,"column":15}}},"fnMap":{"0":{"name":"getCookie","decl":{"start":{"line":3,"column":9},"end":{"line":3,"column":18}},"loc":{"start":{"line":3,"column":25},"end":{"line":16,"column":1}},"line":3},"1":{"name":"fetchArticles","decl":{"start":{"line":18,"column":15},"end":{"line":18,"column":28}},"loc":{"start":{"line":18,"column":42},"end":{"line":33,"column":1}},"line":18},"2":{"name":"(anonymous_2)","decl":{"start":{"line":21,"column":24},"end":{"line":21,"column":25}},"loc":{"start":{"line":21,"column":33},"end":{"line":27,"column":3}},"line":21},"3":{"name":"userFeedback","decl":{"start":{"line":35,"column":15},"end":{"line":35,"column":27}},"loc":{"start":{"line":35,"column":38},"end":{"line":50,"column":1}},"line":35},"4":{"name":"(anonymous_4)","decl":{"start":{"line":46,"column":10},"end":{"line":46,"column":11}},"loc":{"start":{"line":46,"column":24},"end":{"line":49,"column":3}},"line":46},"5":{"name":"(anonymous_5)","decl":{"start":{"line":47,"column":25},"end":{"line":47,"column":26}},"loc":{"start":{"line":47,"column":35},"end":{"line":48,"column":5}},"line":47},"6":{"name":"addArticle","decl":{"start":{"line":52,"column":15},"end":{"line":52,"column":25}},"loc":{"start":{"line":52,"column":31},"end":{"line":68,"column":1}},"line":52},"7":{"name":"searchArticle","decl":{"start":{"line":70,"column":15},"end":{"line":70,"column":28}},"loc":{"start":{"line":70,"column":36},"end":{"line":83,"column":1}},"line":70},"8":{"name":"getTimeSeriesData","decl":{"start":{"line":85,"column":15},"end":{"line":85,"column":32}},"loc":{"start":{"line":85,"column":52},"end":{"line":98,"column":1}},"line":85}},"branchMap":{"0":{"loc":{"start":{"line":5,"column":2},"end":{"line":14,"column":3}},"type":"if","locations":[{"start":{"line":5,"column":2},"end":{"line":14,"column":3}},{"start":{"line":5,"column":2},"end":{"line":14,"column":3}}],"line":5},"1":{"loc":{"start":{"line":5,"column":6},"end":{"line":5,"column":47}},"type":"binary-expr","locations":[{"start":{"line":5,"column":6},"end":{"line":5,"column":21}},{"start":{"line":5,"column":25},"end":{"line":5,"column":47}}],"line":5},"2":{"loc":{"start":{"line":9,"column":6},"end":{"line":12,"column":7}},"type":"if","locations":[{"start":{"line":9,"column":6},"end":{"line":12,"column":7}},{"start":{"line":9,"column":6},"end":{"line":12,"column":7}}],"line":9},"3":{"loc":{"start":{"line":18,"column":29},"end":{"line":18,"column":40}},"type":"default-arg","locations":[{"start":{"line":18,"column":38},"end":{"line":18,"column":40}}],"line":18},"4":{"loc":{"start":{"line":22,"column":4},"end":{"line":26,"column":5}},"type":"if","locations":[{"start":{"line":22,"column":4},"end":{"line":26,"column":5}},{"start":{"line":22,"column":4},"end":{"line":26,"column":5}}],"line":22},"5":{"loc":{"start":{"line":23,"column":15},"end":{"line":23,"column":32}},"type":"cond-expr","locations":[{"start":{"line":23,"column":23},"end":{"line":23,"column":26}},{"start":{"line":23,"column":29},"end":{"line":23,"column":32}}],"line":23}},"s":{"0":6,"1":7,"2":7,"3":0,"4":0,"5":0,"6":0,"7":0,"8":0,"9":0,"10":7,"11":3,"12":3,"13":3,"14":18,"15":6,"16":6,"17":6,"18":3,"19":3,"20":3,"21":3,"22":3,"23":3,"24":4,"25":4,"26":4,"27":4,"28":0,"29":0,"30":0,"31":0,"32":0,"33":4,"34":4,"35":4,"36":0},"f":{"0":7,"1":3,"2":18,"3":3,"4":3,"5":3,"6":4,"7":0,"8":4},"b":{"0":[0,7],"1":[7,0],"2":[0,0],"3":[0],"4":[6,12],"5":[3,3]},"_coverageSchema":"1a1c01bbd47fc00a2c39e90264f33305004495a9","hash":"fd3990562e2f4f136bccfcb0124f126adca93402"}
,"/Users/maxchristl/Documents/University/Master/group_project/positive-statesman/frontend/src/assets/styles/components/analytics/Map.js": {"path":"/Users/maxchristl/Documents/University/Master/group_project/positive-statesman/frontend/src/assets/styles/components/analytics/Map.js","statementMap":{"0":{"start":{"line":1,"column":15},"end":{"line":21,"column":1}}},"fnMap":{},"branchMap":{},"s":{"0":1},"f":{},"b":{},"_coverageSchema":"1a1c01bbd47fc00a2c39e90264f33305004495a9","hash":"4eb45432a9737f605ad31c84f66d5cf31e27aaa2"}
,"/Users/maxchristl/Documents/University/Master/group_project/positive-statesman/frontend/src/assets/styles/components/analytics/TimeSeries.js": {"path":"/Users/maxchristl/Documents/University/Master/group_project/positive-statesman/frontend/src/assets/styles/components/analytics/TimeSeries.js","statementMap":{"0":{"start":{"line":1,"column":15},"end":{"line":29,"column":1}}},"fnMap":{},"branchMap":{},"s":{"0":1},"f":{},"b":{},"_coverageSchema":"1a1c01bbd47fc00a2c39e90264f33305004495a9","hash":"e8601a9900a19922123c5e38cd4d4b80b9265808"}
,"/Users/maxchristl/Documents/University/Master/group_project/positive-statesman/frontend/src/assets/styles/components/headers/CategoryBar.js": {"path":"/Users/maxchristl/Documents/University/Master/group_project/positive-statesman/frontend/src/assets/styles/components/headers/CategoryBar.js","statementMap":{"0":{"start":{"line":1,"column":15},"end":{"line":10,"column":1}}},"fnMap":{},"branchMap":{},"s":{"0":2},"f":{},"b":{},"_coverageSchema":"1a1c01bbd47fc00a2c39e90264f33305004495a9","hash":"8deaa54dbd1a3e06da196dc01e6b9aee608cd80b"}
,"/Users/maxchristl/Documents/University/Master/group_project/positive-statesman/frontend/src/assets/styles/components/headers/HeaderBar.js": {"path":"/Users/maxchristl/Documents/University/Master/group_project/positive-statesman/frontend/src/assets/styles/components/headers/HeaderBar.js","statementMap":{"0":{"start":{"line":3,"column":15},"end":{"line":111,"column":1}}},"fnMap":{},"branchMap":{},"s":{"0":1},"f":{},"b":{},"_coverageSchema":"1a1c01bbd47fc00a2c39e90264f33305004495a9","hash":"15e075c11b27ed0574d428832f0e8c2e839b26ca"}
,"/Users/maxchristl/Documents/University/Master/group_project/positive-statesman/frontend/src/assets/styles/components/newsfeed/ArticleVote.js": {"path":"/Users/maxchristl/Documents/University/Master/group_project/positive-statesman/frontend/src/assets/styles/components/newsfeed/ArticleVote.js","statementMap":{"0":{"start":{"line":1,"column":15},"end":{"line":20,"column":1}}},"fnMap":{},"branchMap":{},"s":{"0":3},"f":{},"b":{},"_coverageSchema":"1a1c01bbd47fc00a2c39e90264f33305004495a9","hash":"62746c8a9177045f2c1f722b63b12abc90e69491"}
,"/Users/maxchristl/Documents/University/Master/group_project/positive-statesman/frontend/src/assets/styles/components/newsfeed/NewsFeedHeader.js": {"path":"/Users/maxchristl/Documents/University/Master/group_project/positive-statesman/frontend/src/assets/styles/components/newsfeed/NewsFeedHeader.js","statementMap":{"0":{"start":{"line":1,"column":15},"end":{"line":8,"column":1}}},"fnMap":{},"branchMap":{},"s":{"0":1},"f":{},"b":{},"_coverageSchema":"1a1c01bbd47fc00a2c39e90264f33305004495a9","hash":"f708a4ac3373d6d68f11ed0f60df427debe4a121"}
,"/Users/maxchristl/Documents/University/Master/group_project/positive-statesman/frontend/src/assets/styles/components/newsfeed/NewsFeedItem.js": {"path":"/Users/maxchristl/Documents/University/Master/group_project/positive-statesman/frontend/src/assets/styles/components/newsfeed/NewsFeedItem.js","statementMap":{"0":{"start":{"line":1,"column":15},"end":{"line":79,"column":1}}},"fnMap":{},"branchMap":{},"s":{"0":2},"f":{},"b":{},"_coverageSchema":"1a1c01bbd47fc00a2c39e90264f33305004495a9","hash":"e3961169c5a965de86e6c3154f45cc345e33aa92"}
,"/Users/maxchristl/Documents/University/Master/group_project/positive-statesman/frontend/src/components/Settings.js": {"path":"/Users/maxchristl/Documents/University/Master/group_project/positive-statesman/frontend/src/components/Settings.js","statementMap":{"0":{"start":{"line":1,"column":22},"end":{"line":7,"column":13}},"1":{"start":{"line":9,"column":27},"end":{"line":9,"column":145}},"2":{"start":{"line":11,"column":20},"end":{"line":11,"column":342}},"3":{"start":{"line":13,"column":21},"end":{"line":13,"column":835}},"4":{"start":{"line":15,"column":26},"end":{"line":15,"column":206}},"5":{"start":{"line":17,"column":25},"end":{"line":37,"column":1}},"6":{"start":{"line":39,"column":26},"end":{"line":106,"column":1}}},"fnMap":{},"branchMap":{},"s":{"0":4,"1":4,"2":4,"3":4,"4":4,"5":4,"6":4},"f":{},"b":{},"_coverageSchema":"1a1c01bbd47fc00a2c39e90264f33305004495a9","hash":"29000517dc95be7bf10420a178fd1137b7514987"}
,"/Users/maxchristl/Documents/University/Master/group_project/positive-statesman/frontend/src/components/analytics/Map.js": {"path":"/Users/maxchristl/Documents/University/Master/group_project/positive-statesman/frontend/src/components/analytics/Map.js","statementMap":{"0":{"start":{"line":21,"column":22},"end":{"line":21,"column":28}},"1":{"start":{"line":25,"column":8},"end":{"line":25,"column":20}},"2":{"start":{"line":26,"column":8},"end":{"line":29,"column":9}},"3":{"start":{"line":32,"column":24},"end":{"line":34,"column":5}},"4":{"start":{"line":33,"column":8},"end":{"line":33,"column":22}},"5":{"start":{"line":36,"column":14},"end":{"line":43,"column":5}},"6":{"start":{"line":37,"column":19},"end":{"line":37,"column":29}},"7":{"start":{"line":38,"column":8},"end":{"line":38,"column":58}},"8":{"start":{"line":39,"column":17},"end":{"line":39,"column":56}},"9":{"start":{"line":40,"column":17},"end":{"line":40,"column":61}},"10":{"start":{"line":41,"column":19},"end":{"line":41,"column":37}},"11":{"start":{"line":42,"column":8},"end":{"line":42,"column":41}},"12":{"start":{"line":45,"column":14},"end":{"line":56,"column":5}},"13":{"start":{"line":46,"column":8},"end":{"line":55,"column":10}},"14":{"start":{"line":47,"column":12},"end":{"line":53,"column":13}},"15":{"start":{"line":47,"column":25},"end":{"line":47,"column":26}},"16":{"start":{"line":48,"column":16},"end":{"line":52,"column":17}},"17":{"start":{"line":49,"column":20},"end":{"line":51,"column":21}},"18":{"start":{"line":50,"column":24},"end":{"line":50,"column":70}},"19":{"start":{"line":54,"column":12},"end":{"line":54,"column":64}},"20":{"start":{"line":58,"column":17},"end":{"line":70,"column":5}},"21":{"start":{"line":59,"column":31},"end":{"line":59,"column":32}},"22":{"start":{"line":60,"column":8},"end":{"line":67,"column":9}},"23":{"start":{"line":61,"column":12},"end":{"line":61,"column":21}},"24":{"start":{"line":62,"column":12},"end":{"line":62,"column":48}},"25":{"start":{"line":65,"column":12},"end":{"line":65,"column":23}},"26":{"start":{"line":66,"column":12},"end":{"line":66,"column":53}},"27":{"start":{"line":68,"column":18},"end":{"line":68,"column":60}},"28":{"start":{"line":69,"column":8},"end":{"line":69,"column":61}},"29":{"start":{"line":73,"column":28},"end":{"line":73,"column":38}},"30":{"start":{"line":74,"column":8},"end":{"line":103,"column":9}},"31":{"start":{"line":92,"column":32},"end":{"line":97,"column":34}},"32":{"start":{"line":93,"column":48},"end":{"line":93,"column":87}},"33":{"start":{"line":94,"column":36},"end":{"line":96,"column":37}}},"fnMap":{"0":{"name":"(anonymous_0)","decl":{"start":{"line":24,"column":4},"end":{"line":24,"column":5}},"loc":{"start":{"line":24,"column":23},"end":{"line":30,"column":5}},"line":24},"1":{"name":"(anonymous_1)","decl":{"start":{"line":32,"column":24},"end":{"line":32,"column":25}},"loc":{"start":{"line":32,"column":30},"end":{"line":34,"column":5}},"line":32},"2":{"name":"(anonymous_2)","decl":{"start":{"line":36,"column":14},"end":{"line":36,"column":15}},"loc":{"start":{"line":36,"column":43},"end":{"line":43,"column":5}},"line":36},"3":{"name":"(anonymous_3)","decl":{"start":{"line":45,"column":14},"end":{"line":45,"column":15}},"loc":{"start":{"line":45,"column":20},"end":{"line":56,"column":5}},"line":45},"4":{"name":"(anonymous_4)","decl":{"start":{"line":46,"column":78},"end":{"line":46,"column":79}},"loc":{"start":{"line":46,"column":88},"end":{"line":55,"column":9}},"line":46},"5":{"name":"(anonymous_5)","decl":{"start":{"line":58,"column":17},"end":{"line":58,"column":18}},"loc":{"start":{"line":58,"column":33},"end":{"line":70,"column":5}},"line":58},"6":{"name":"(anonymous_6)","decl":{"start":{"line":72,"column":4},"end":{"line":72,"column":5}},"loc":{"start":{"line":72,"column":13},"end":{"line":104,"column":5}},"line":72},"7":{"name":"(anonymous_7)","decl":{"start":{"line":91,"column":29},"end":{"line":91,"column":30}},"loc":{"start":{"line":92,"column":32},"end":{"line":97,"column":34}},"line":92},"8":{"name":"(anonymous_8)","decl":{"start":{"line":92,"column":48},"end":{"line":92,"column":49}},"loc":{"start":{"line":92,"column":55},"end":{"line":97,"column":33}},"line":92}},"branchMap":{"0":{"loc":{"start":{"line":36,"column":15},"end":{"line":36,"column":38}},"type":"default-arg","locations":[{"start":{"line":36,"column":37},"end":{"line":36,"column":38}}],"line":36},"1":{"loc":{"start":{"line":49,"column":20},"end":{"line":51,"column":21}},"type":"if","locations":[{"start":{"line":49,"column":20},"end":{"line":51,"column":21}},{"start":{"line":49,"column":20},"end":{"line":51,"column":21}}],"line":49},"2":{"loc":{"start":{"line":54,"column":34},"end":{"line":54,"column":61}},"type":"cond-expr","locations":[{"start":{"line":54,"column":50},"end":{"line":54,"column":54}},{"start":{"line":54,"column":57},"end":{"line":54,"column":61}}],"line":54},"3":{"loc":{"start":{"line":60,"column":8},"end":{"line":67,"column":9}},"type":"if","locations":[{"start":{"line":60,"column":8},"end":{"line":67,"column":9}},{"start":{"line":60,"column":8},"end":{"line":67,"column":9}}],"line":60},"4":{"loc":{"start":{"line":95,"column":90},"end":{"line":95,"column":150}},"type":"cond-expr","locations":[{"start":{"line":95,"column":112},"end":{"line":95,"column":134}},{"start":{"line":95,"column":137},"end":{"line":95,"column":150}}],"line":95},"5":{"loc":{"start":{"line":95,"column":90},"end":{"line":95,"column":109}},"type":"binary-expr","locations":[{"start":{"line":95,"column":90},"end":{"line":95,"column":95}},{"start":{"line":95,"column":99},"end":{"line":95,"column":109}}],"line":95}},"s":{"0":1,"1":2,"2":2,"3":2,"4":2,"5":2,"6":4,"7":4,"8":4,"9":4,"10":4,"11":4,"12":2,"13":2,"14":2,"15":2,"16":2,"17":356,"18":354,"19":2,"20":2,"21":106,"22":106,"23":22,"24":22,"25":84,"26":84,"27":106,"28":106,"29":4,"30":4,"31":4,"32":708,"33":708},"f":{"0":2,"1":2,"2":4,"3":2,"4":2,"5":106,"6":4,"7":4,"8":708},"b":{"0":[0],"1":[354,2],"2":[2,0],"3":[22,84],"4":[106,602],"5":[708,354]},"_coverageSchema":"1a1c01bbd47fc00a2c39e90264f33305004495a9","hash":"79677431feb6bb58e8732ebf2501a50ea462c59d"}
,"/Users/maxchristl/Documents/University/Master/group_project/positive-statesman/frontend/src/components/analytics/TimeSeries.js": {"path":"/Users/maxchristl/Documents/University/Master/group_project/positive-statesman/frontend/src/components/analytics/TimeSeries.js","statementMap":{"0":{"start":{"line":21,"column":15},"end":{"line":21,"column":125}},"1":{"start":{"line":26,"column":8},"end":{"line":26,"column":20}},"2":{"start":{"line":27,"column":8},"end":{"line":31,"column":9}},"3":{"start":{"line":34,"column":24},"end":{"line":36,"column":5}},"4":{"start":{"line":35,"column":8},"end":{"line":35,"column":22}},"5":{"start":{"line":38,"column":14},"end":{"line":45,"column":5}},"6":{"start":{"line":39,"column":19},"end":{"line":39,"column":29}},"7":{"start":{"line":40,"column":8},"end":{"line":40,"column":58}},"8":{"start":{"line":41,"column":17},"end":{"line":41,"column":56}},"9":{"start":{"line":42,"column":17},"end":{"line":42,"column":61}},"10":{"start":{"line":43,"column":19},"end":{"line":43,"column":37}},"11":{"start":{"line":44,"column":8},"end":{"line":44,"column":41}},"12":{"start":{"line":47,"column":14},"end":{"line":58,"column":5}},"13":{"start":{"line":48,"column":8},"end":{"line":57,"column":10}},"14":{"start":{"line":49,"column":12},"end":{"line":55,"column":13}},"15":{"start":{"line":49,"column":25},"end":{"line":49,"column":26}},"16":{"start":{"line":50,"column":16},"end":{"line":54,"column":17}},"17":{"start":{"line":51,"column":20},"end":{"line":53,"column":21}},"18":{"start":{"line":52,"column":24},"end":{"line":52,"column":84}},"19":{"start":{"line":56,"column":12},"end":{"line":56,"column":64}},"20":{"start":{"line":62,"column":28},"end":{"line":62,"column":38}},"21":{"start":{"line":63,"column":8},"end":{"line":93,"column":9}},"22":{"start":{"line":86,"column":32},"end":{"line":86,"column":136}}},"fnMap":{"0":{"name":"(anonymous_0)","decl":{"start":{"line":25,"column":4},"end":{"line":25,"column":5}},"loc":{"start":{"line":25,"column":23},"end":{"line":32,"column":5}},"line":25},"1":{"name":"(anonymous_1)","decl":{"start":{"line":34,"column":24},"end":{"line":34,"column":25}},"loc":{"start":{"line":34,"column":30},"end":{"line":36,"column":5}},"line":34},"2":{"name":"(anonymous_2)","decl":{"start":{"line":38,"column":14},"end":{"line":38,"column":15}},"loc":{"start":{"line":38,"column":43},"end":{"line":45,"column":5}},"line":38},"3":{"name":"(anonymous_3)","decl":{"start":{"line":47,"column":14},"end":{"line":47,"column":15}},"loc":{"start":{"line":47,"column":20},"end":{"line":58,"column":5}},"line":47},"4":{"name":"(anonymous_4)","decl":{"start":{"line":48,"column":83},"end":{"line":48,"column":84}},"loc":{"start":{"line":48,"column":93},"end":{"line":57,"column":9}},"line":48},"5":{"name":"(anonymous_5)","decl":{"start":{"line":61,"column":4},"end":{"line":61,"column":5}},"loc":{"start":{"line":61,"column":13},"end":{"line":94,"column":5}},"line":61},"6":{"name":"(anonymous_6)","decl":{"start":{"line":85,"column":96},"end":{"line":85,"column":97}},"loc":{"start":{"line":85,"column":112},"end":{"line":87,"column":29}},"line":85}},"branchMap":{"0":{"loc":{"start":{"line":38,"column":15},"end":{"line":38,"column":38}},"type":"default-arg","locations":[{"start":{"line":38,"column":37},"end":{"line":38,"column":38}}],"line":38},"1":{"loc":{"start":{"line":51,"column":20},"end":{"line":53,"column":21}},"type":"if","locations":[{"start":{"line":51,"column":20},"end":{"line":53,"column":21}},{"start":{"line":51,"column":20},"end":{"line":53,"column":21}}],"line":51},"2":{"loc":{"start":{"line":56,"column":34},"end":{"line":56,"column":61}},"type":"cond-expr","locations":[{"start":{"line":56,"column":50},"end":{"line":56,"column":54}},{"start":{"line":56,"column":57},"end":{"line":56,"column":61}}],"line":56},"3":{"loc":{"start":{"line":85,"column":29},"end":{"line":87,"column":37}},"type":"cond-expr","locations":[{"start":{"line":85,"column":60},"end":{"line":87,"column":30}},{"start":{"line":87,"column":33},"end":{"line":87,"column":37}}],"line":85},"4":{"loc":{"start":{"line":86,"column":39},"end":{"line":86,"column":136}},"type":"cond-expr","locations":[{"start":{"line":86,"column":60},"end":{"line":86,"column":129}},{"start":{"line":86,"column":132},"end":{"line":86,"column":136}}],"line":86}},"s":{"0":1,"1":2,"2":2,"3":2,"4":2,"5":2,"6":4,"7":4,"8":4,"9":4,"10":4,"11":4,"12":2,"13":2,"14":2,"15":2,"16":14,"17":112,"18":98,"19":2,"20":4,"21":4,"22":16},"f":{"0":2,"1":2,"2":4,"3":2,"4":2,"5":4,"6":16},"b":{"0":[0],"1":[98,14],"2":[2,0],"3":[4,0],"4":[14,2]},"_coverageSchema":"1a1c01bbd47fc00a2c39e90264f33305004495a9","hash":"fa2e87721dec18fd1e12c9caf4d98e55e53f48c0"}
,"/Users/maxchristl/Documents/University/Master/group_project/positive-statesman/frontend/src/components/headers/CategoryBar.js": {"path":"/Users/maxchristl/Documents/University/Master/group_project/positive-statesman/frontend/src/components/headers/CategoryBar.js","statementMap":{"0":{"start":{"line":21,"column":28},"end":{"line":21,"column":38}},"1":{"start":{"line":22,"column":8},"end":{"line":37,"column":9}},"2":{"start":{"line":32,"column":24},"end":{"line":32,"column":191}},"3":{"start":{"line":32,"column":163},"end":{"line":32,"column":178}}},"fnMap":{"0":{"name":"(anonymous_0)","decl":{"start":{"line":19,"column":4},"end":{"line":19,"column":5}},"loc":{"start":{"line":19,"column":13},"end":{"line":38,"column":5}},"line":19},"1":{"name":"(anonymous_1)","decl":{"start":{"line":31,"column":41},"end":{"line":31,"column":42}},"loc":{"start":{"line":31,"column":53},"end":{"line":33,"column":21}},"line":31},"2":{"name":"(anonymous_2)","decl":{"start":{"line":32,"column":158},"end":{"line":32,"column":159}},"loc":{"start":{"line":32,"column":163},"end":{"line":32,"column":178}},"line":32}},"branchMap":{"0":{"loc":{"start":{"line":26,"column":27},"end":{"line":26,"column":235}},"type":"cond-expr","locations":[{"start":{"line":26,"column":199},"end":{"line":26,"column":227}},{"start":{"line":26,"column":230},"end":{"line":26,"column":235}}],"line":26},"1":{"loc":{"start":{"line":26,"column":27},"end":{"line":26,"column":196}},"type":"binary-expr","locations":[{"start":{"line":26,"column":27},"end":{"line":26,"column":85}},{"start":{"line":26,"column":90},"end":{"line":26,"column":150}},{"start":{"line":26,"column":154},"end":{"line":26,"column":195}}],"line":26}},"s":{"0":45,"1":45,"2":315,"3":315},"f":{"0":45,"1":315,"2":315},"b":{"0":[0,45],"1":[45,0,0]},"_coverageSchema":"1a1c01bbd47fc00a2c39e90264f33305004495a9","hash":"76d42e99bb45e48f7d5d3044d25a0d02350ae205"}
,"/Users/maxchristl/Documents/University/Master/group_project/positive-statesman/frontend/src/components/headers/HeaderBar.js": {"path":"/Users/maxchristl/Documents/University/Master/group_project/positive-statesman/frontend/src/components/headers/HeaderBar.js","statementMap":{"0":{"start":{"line":45,"column":8},"end":{"line":45,"column":21}},"1":{"start":{"line":46,"column":8},"end":{"line":54,"column":9}},"2":{"start":{"line":57,"column":23},"end":{"line":60,"column":5}},"3":{"start":{"line":62,"column":24},"end":{"line":64,"column":5}},"4":{"start":{"line":63,"column":8},"end":{"line":63,"column":52}},"5":{"start":{"line":66,"column":24},"end":{"line":81,"column":5}},"6":{"start":{"line":67,"column":8},"end":{"line":76,"column":9}},"7":{"start":{"line":68,"column":12},"end":{"line":75,"column":19}},"8":{"start":{"line":69,"column":16},"end":{"line":75,"column":18}},"9":{"start":{"line":77,"column":8},"end":{"line":79,"column":9}},"10":{"start":{"line":78,"column":12},"end":{"line":78,"column":95}},"11":{"start":{"line":80,"column":8},"end":{"line":80,"column":77}},"12":{"start":{"line":83,"column":21},"end":{"line":85,"column":5}},"13":{"start":{"line":84,"column":8},"end":{"line":84,"column":43}},"14":{"start":{"line":87,"column":24},"end":{"line":89,"column":5}},"15":{"start":{"line":88,"column":8},"end":{"line":88,"column":46}},"16":{"start":{"line":91,"column":20},"end":{"line":95,"column":5}},"17":{"start":{"line":92,"column":8},"end":{"line":94,"column":9}},"18":{"start":{"line":93,"column":12},"end":{"line":93,"column":41}},"19":{"start":{"line":98,"column":18},"end":{"line":100,"column":5}},"20":{"start":{"line":99,"column":8},"end":{"line":99,"column":73}},"21":{"start":{"line":102,"column":25},"end":{"line":104,"column":5}},"22":{"start":{"line":103,"column":8},"end":{"line":103,"column":59}},"23":{"start":{"line":106,"column":22},"end":{"line":108,"column":5}},"24":{"start":{"line":107,"column":8},"end":{"line":107,"column":77}},"25":{"start":{"line":110,"column":27},"end":{"line":112,"column":5}},"26":{"start":{"line":111,"column":8},"end":{"line":111,"column":60}},"27":{"start":{"line":114,"column":28},"end":{"line":116,"column":5}},"28":{"start":{"line":115,"column":8},"end":{"line":115,"column":59}},"29":{"start":{"line":121,"column":28},"end":{"line":121,"column":38}},"30":{"start":{"line":122,"column":8},"end":{"line":236,"column":9}},"31":{"start":{"line":137,"column":35},"end":{"line":137,"column":65}},"32":{"start":{"line":240,"column":24},"end":{"line":242,"column":2}},"33":{"start":{"line":240,"column":34},"end":{"line":242,"column":1}}},"fnMap":{"0":{"name":"(anonymous_0)","decl":{"start":{"line":44,"column":4},"end":{"line":44,"column":5}},"loc":{"start":{"line":44,"column":23},"end":{"line":55,"column":5}},"line":44},"1":{"name":"(anonymous_1)","decl":{"start":{"line":62,"column":24},"end":{"line":62,"column":25}},"loc":{"start":{"line":62,"column":35},"end":{"line":64,"column":5}},"line":62},"2":{"name":"(anonymous_2)","decl":{"start":{"line":66,"column":24},"end":{"line":66,"column":25}},"loc":{"start":{"line":66,"column":35},"end":{"line":81,"column":5}},"line":66},"3":{"name":"(anonymous_3)","decl":{"start":{"line":68,"column":46},"end":{"line":68,"column":47}},"loc":{"start":{"line":69,"column":16},"end":{"line":75,"column":18}},"line":69},"4":{"name":"(anonymous_4)","decl":{"start":{"line":83,"column":21},"end":{"line":83,"column":22}},"loc":{"start":{"line":83,"column":27},"end":{"line":85,"column":5}},"line":83},"5":{"name":"(anonymous_5)","decl":{"start":{"line":87,"column":24},"end":{"line":87,"column":25}},"loc":{"start":{"line":87,"column":30},"end":{"line":89,"column":5}},"line":87},"6":{"name":"(anonymous_6)","decl":{"start":{"line":91,"column":20},"end":{"line":91,"column":21}},"loc":{"start":{"line":91,"column":31},"end":{"line":95,"column":5}},"line":91},"7":{"name":"(anonymous_7)","decl":{"start":{"line":98,"column":18},"end":{"line":98,"column":19}},"loc":{"start":{"line":98,"column":29},"end":{"line":100,"column":5}},"line":98},"8":{"name":"(anonymous_8)","decl":{"start":{"line":102,"column":25},"end":{"line":102,"column":26}},"loc":{"start":{"line":102,"column":31},"end":{"line":104,"column":5}},"line":102},"9":{"name":"(anonymous_9)","decl":{"start":{"line":106,"column":22},"end":{"line":106,"column":23}},"loc":{"start":{"line":106,"column":28},"end":{"line":108,"column":5}},"line":106},"10":{"name":"(anonymous_10)","decl":{"start":{"line":110,"column":27},"end":{"line":110,"column":28}},"loc":{"start":{"line":110,"column":33},"end":{"line":112,"column":5}},"line":110},"11":{"name":"(anonymous_11)","decl":{"start":{"line":114,"column":28},"end":{"line":114,"column":29}},"loc":{"start":{"line":114,"column":34},"end":{"line":116,"column":5}},"line":114},"12":{"name":"(anonymous_12)","decl":{"start":{"line":119,"column":4},"end":{"line":119,"column":5}},"loc":{"start":{"line":119,"column":13},"end":{"line":237,"column":5}},"line":119},"13":{"name":"(anonymous_13)","decl":{"start":{"line":137,"column":29},"end":{"line":137,"column":30}},"loc":{"start":{"line":137,"column":35},"end":{"line":137,"column":65}},"line":137},"14":{"name":"(anonymous_14)","decl":{"start":{"line":240,"column":24},"end":{"line":240,"column":25}},"loc":{"start":{"line":240,"column":34},"end":{"line":242,"column":1}},"line":240}},"branchMap":{"0":{"loc":{"start":{"line":67,"column":8},"end":{"line":76,"column":9}},"type":"if","locations":[{"start":{"line":67,"column":8},"end":{"line":76,"column":9}},{"start":{"line":67,"column":8},"end":{"line":76,"column":9}}],"line":67},"1":{"loc":{"start":{"line":70,"column":31},"end":{"line":72,"column":62}},"type":"cond-expr","locations":[{"start":{"line":70,"column":42},"end":{"line":71,"column":53}},{"start":{"line":71,"column":56},"end":{"line":72,"column":62}}],"line":70},"2":{"loc":{"start":{"line":77,"column":8},"end":{"line":79,"column":9}},"type":"if","locations":[{"start":{"line":77,"column":8},"end":{"line":79,"column":9}},{"start":{"line":77,"column":8},"end":{"line":79,"column":9}}],"line":77},"3":{"loc":{"start":{"line":92,"column":8},"end":{"line":94,"column":9}},"type":"if","locations":[{"start":{"line":92,"column":8},"end":{"line":94,"column":9}},{"start":{"line":92,"column":8},"end":{"line":94,"column":9}}],"line":92},"4":{"loc":{"start":{"line":161,"column":25},"end":{"line":210,"column":38}},"type":"cond-expr","locations":[{"start":{"line":162,"column":28},"end":{"line":171,"column":48}},{"start":{"line":172,"column":30},"end":{"line":210,"column":38}}],"line":161},"5":{"loc":{"start":{"line":172,"column":30},"end":{"line":210,"column":38}},"type":"cond-expr","locations":[{"start":{"line":173,"column":32},"end":{"line":182,"column":52}},{"start":{"line":184,"column":32},"end":{"line":210,"column":38}}],"line":172},"6":{"loc":{"start":{"line":219,"column":29},"end":{"line":226,"column":33}},"type":"cond-expr","locations":[{"start":{"line":220,"column":32},"end":{"line":223,"column":38}},{"start":{"line":225,"column":36},"end":{"line":225,"column":93}}],"line":219}},"s":{"0":12,"1":12,"2":1,"3":12,"4":2,"5":12,"6":4,"7":4,"8":4,"9":4,"10":0,"11":4,"12":12,"13":7,"14":12,"15":0,"16":12,"17":2,"18":2,"19":12,"20":0,"21":12,"22":0,"23":12,"24":0,"25":12,"26":0,"27":12,"28":0,"29":32,"30":32,"31":0,"32":1,"33":12},"f":{"0":12,"1":2,"2":4,"3":4,"4":7,"5":0,"6":2,"7":0,"8":0,"9":0,"10":0,"11":0,"12":32,"13":0,"14":12},"b":{"0":[4,0],"1":[4,0],"2":[0,4],"3":[2,0],"4":[0,32],"5":[9,23],"6":[0,32]},"_coverageSchema":"1a1c01bbd47fc00a2c39e90264f33305004495a9","hash":"9bd39f8419ea6d43e36edab718239c352b69b787"}
,"/Users/maxchristl/Documents/University/Master/group_project/positive-statesman/frontend/src/components/newsfeed/ArticleVote.js": {"path":"/Users/maxchristl/Documents/University/Master/group_project/positive-statesman/frontend/src/components/newsfeed/ArticleVote.js","statementMap":{"0":{"start":{"line":22,"column":8},"end":{"line":22,"column":20}},"1":{"start":{"line":24,"column":8},"end":{"line":27,"column":9}},"2":{"start":{"line":32,"column":28},"end":{"line":32,"column":38}},"3":{"start":{"line":34,"column":8},"end":{"line":64,"column":9}},"4":{"start":{"line":48,"column":35},"end":{"line":48,"column":65}},"5":{"start":{"line":54,"column":105},"end":{"line":54,"column":152}},"6":{"start":{"line":54,"column":153},"end":{"line":54,"column":214}},"7":{"start":{"line":57,"column":104},"end":{"line":57,"column":150}},"8":{"start":{"line":57,"column":151},"end":{"line":57,"column":212}},"9":{"start":{"line":60,"column":105},"end":{"line":60,"column":152}},"10":{"start":{"line":60,"column":153},"end":{"line":60,"column":214}}},"fnMap":{"0":{"name":"(anonymous_0)","decl":{"start":{"line":21,"column":4},"end":{"line":21,"column":5}},"loc":{"start":{"line":21,"column":23},"end":{"line":28,"column":5}},"line":21},"1":{"name":"(anonymous_1)","decl":{"start":{"line":30,"column":4},"end":{"line":30,"column":5}},"loc":{"start":{"line":30,"column":13},"end":{"line":65,"column":5}},"line":30},"2":{"name":"(anonymous_2)","decl":{"start":{"line":48,"column":29},"end":{"line":48,"column":30}},"loc":{"start":{"line":48,"column":35},"end":{"line":48,"column":65}},"line":48},"3":{"name":"(anonymous_3)","decl":{"start":{"line":54,"column":92},"end":{"line":54,"column":93}},"loc":{"start":{"line":54,"column":103},"end":{"line":54,"column":216}},"line":54},"4":{"name":"(anonymous_4)","decl":{"start":{"line":57,"column":91},"end":{"line":57,"column":92}},"loc":{"start":{"line":57,"column":102},"end":{"line":57,"column":214}},"line":57},"5":{"name":"(anonymous_5)","decl":{"start":{"line":60,"column":92},"end":{"line":60,"column":93}},"loc":{"start":{"line":60,"column":103},"end":{"line":60,"column":216}},"line":60}},"branchMap":{},"s":{"0":24,"1":24,"2":48,"3":48,"4":0,"5":1,"6":1,"7":1,"8":1,"9":1,"10":1},"f":{"0":24,"1":48,"2":0,"3":1,"4":1,"5":1},"b":{},"_coverageSchema":"1a1c01bbd47fc00a2c39e90264f33305004495a9","hash":"93033ee24e39efd49c79379142937eb160456aac"}
,"/Users/maxchristl/Documents/University/Master/group_project/positive-statesman/frontend/src/components/newsfeed/NewsFeedHeader.js": {"path":"/Users/maxchristl/Documents/University/Master/group_project/positive-statesman/frontend/src/components/newsfeed/NewsFeedHeader.js","statementMap":{"0":{"start":{"line":23,"column":8},"end":{"line":23,"column":20}},"1":{"start":{"line":24,"column":8},"end":{"line":26,"column":9}},"2":{"start":{"line":34,"column":26},"end":{"line":34,"column":164}},"3":{"start":{"line":35,"column":8},"end":{"line":35,"column":51}},"4":{"start":{"line":39,"column":28},"end":{"line":39,"column":38}},"5":{"start":{"line":44,"column":21},"end":{"line":44,"column":47}},"6":{"start":{"line":45,"column":29},"end":{"line":45,"column":88}},"7":{"start":{"line":47,"column":8},"end":{"line":53,"column":10}},"8":{"start":{"line":48,"column":23},"end":{"line":48,"column":24}},"9":{"start":{"line":49,"column":12},"end":{"line":51,"column":13}},"10":{"start":{"line":50,"column":16},"end":{"line":50,"column":52}},"11":{"start":{"line":50,"column":45},"end":{"line":50,"column":52}},"12":{"start":{"line":52,"column":12},"end":{"line":52,"column":24}},"13":{"start":{"line":55,"column":8},"end":{"line":83,"column":9}},"14":{"start":{"line":66,"column":28},"end":{"line":66,"column":124}}},"fnMap":{"0":{"name":"(anonymous_0)","decl":{"start":{"line":22,"column":4},"end":{"line":22,"column":5}},"loc":{"start":{"line":22,"column":23},"end":{"line":27,"column":5}},"line":22},"1":{"name":"(anonymous_1)","decl":{"start":{"line":29,"column":4},"end":{"line":29,"column":5}},"loc":{"start":{"line":29,"column":30},"end":{"line":36,"column":5}},"line":29},"2":{"name":"(anonymous_2)","decl":{"start":{"line":38,"column":4},"end":{"line":38,"column":5}},"loc":{"start":{"line":38,"column":13},"end":{"line":84,"column":5}},"line":38},"3":{"name":"(anonymous_3)","decl":{"start":{"line":47,"column":22},"end":{"line":47,"column":23}},"loc":{"start":{"line":47,"column":37},"end":{"line":53,"column":9}},"line":47},"4":{"name":"(anonymous_4)","decl":{"start":{"line":65,"column":117},"end":{"line":65,"column":118}},"loc":{"start":{"line":65,"column":133},"end":{"line":67,"column":25}},"line":65}},"branchMap":{"0":{"loc":{"start":{"line":50,"column":16},"end":{"line":50,"column":52}},"type":"if","locations":[{"start":{"line":50,"column":16},"end":{"line":50,"column":52}},{"start":{"line":50,"column":16},"end":{"line":50,"column":52}}],"line":50},"1":{"loc":{"start":{"line":61,"column":17},"end":{"line":81,"column":17}},"type":"cond-expr","locations":[{"start":{"line":63,"column":16},"end":{"line":69,"column":23}},{"start":{"line":71,"column":20},"end":{"line":80,"column":30}}],"line":61},"2":{"loc":{"start":{"line":65,"column":48},"end":{"line":65,"column":111}},"type":"cond-expr","locations":[{"start":{"line":65,"column":75},"end":{"line":65,"column":76}},{"start":{"line":65,"column":79},"end":{"line":65,"column":111}}],"line":65},"3":{"loc":{"start":{"line":65,"column":79},"end":{"line":65,"column":111}},"type":"cond-expr","locations":[{"start":{"line":65,"column":106},"end":{"line":65,"column":107}},{"start":{"line":65,"column":110},"end":{"line":65,"column":111}}],"line":65},"4":{"loc":{"start":{"line":73,"column":60},"end":{"line":73,"column":114}},"type":"cond-expr","locations":[{"start":{"line":73,"column":90},"end":{"line":73,"column":100}},{"start":{"line":73,"column":103},"end":{"line":73,"column":114}}],"line":73}},"s":{"0":3,"1":3,"2":3,"3":3,"4":9,"5":9,"6":9,"7":9,"8":9,"9":9,"10":18,"11":18,"12":9,"13":9,"14":12},"f":{"0":3,"1":3,"2":9,"3":9,"4":12},"b":{"0":[18,0],"1":[3,6],"2":[1,2],"3":[1,1],"4":[0,6]},"_coverageSchema":"1a1c01bbd47fc00a2c39e90264f33305004495a9","hash":"42a99320b675e15cdee0efb4155bc93bf576fc04"}
,"/Users/maxchristl/Documents/University/Master/group_project/positive-statesman/frontend/src/components/newsfeed/NewsFeedItem.js": {"path":"/Users/maxchristl/Documents/University/Master/group_project/positive-statesman/frontend/src/components/newsfeed/NewsFeedItem.js","statementMap":{"0":{"start":{"line":32,"column":8},"end":{"line":32,"column":20}},"1":{"start":{"line":33,"column":8},"end":{"line":35,"column":9}},"2":{"start":{"line":40,"column":28},"end":{"line":40,"column":39}},"3":{"start":{"line":41,"column":8},"end":{"line":41,"column":55}},"4":{"start":{"line":43,"column":8},"end":{"line":45,"column":10}},"5":{"start":{"line":44,"column":12},"end":{"line":44,"column":52}},"6":{"start":{"line":50,"column":8},"end":{"line":54,"column":9}},"7":{"start":{"line":51,"column":12},"end":{"line":53,"column":13}},"8":{"start":{"line":52,"column":16},"end":{"line":52,"column":48}},"9":{"start":{"line":55,"column":8},"end":{"line":55,"column":18}},"10":{"start":{"line":60,"column":37},"end":{"line":60,"column":47}},"11":{"start":{"line":61,"column":20},"end":{"line":61,"column":73}},"12":{"start":{"line":63,"column":30},"end":{"line":63,"column":174}},"13":{"start":{"line":65,"column":27},"end":{"line":65,"column":179}},"14":{"start":{"line":68,"column":8},"end":{"line":114,"column":9}}},"fnMap":{"0":{"name":"(anonymous_0)","decl":{"start":{"line":31,"column":4},"end":{"line":31,"column":5}},"loc":{"start":{"line":31,"column":23},"end":{"line":36,"column":5}},"line":31},"1":{"name":"(anonymous_1)","decl":{"start":{"line":38,"column":4},"end":{"line":38,"column":5}},"loc":{"start":{"line":38,"column":24},"end":{"line":46,"column":5}},"line":38},"2":{"name":"(anonymous_2)","decl":{"start":{"line":43,"column":29},"end":{"line":43,"column":30}},"loc":{"start":{"line":43,"column":35},"end":{"line":45,"column":9}},"line":43},"3":{"name":"(anonymous_3)","decl":{"start":{"line":49,"column":4},"end":{"line":49,"column":5}},"loc":{"start":{"line":49,"column":52},"end":{"line":56,"column":5}},"line":49},"4":{"name":"(anonymous_4)","decl":{"start":{"line":59,"column":4},"end":{"line":59,"column":5}},"loc":{"start":{"line":59,"column":13},"end":{"line":115,"column":5}},"line":59}},"branchMap":{"0":{"loc":{"start":{"line":51,"column":12},"end":{"line":53,"column":13}},"type":"if","locations":[{"start":{"line":51,"column":12},"end":{"line":53,"column":13}},{"start":{"line":51,"column":12},"end":{"line":53,"column":13}}],"line":51},"1":{"loc":{"start":{"line":63,"column":120},"end":{"line":63,"column":140}},"type":"binary-expr","locations":[{"start":{"line":63,"column":120},"end":{"line":63,"column":134}},{"start":{"line":63,"column":138},"end":{"line":63,"column":140}}],"line":63},"2":{"loc":{"start":{"line":65,"column":124},"end":{"line":65,"column":144}},"type":"binary-expr","locations":[{"start":{"line":65,"column":124},"end":{"line":65,"column":138}},{"start":{"line":65,"column":142},"end":{"line":65,"column":144}}],"line":65},"3":{"loc":{"start":{"line":70,"column":56},"end":{"line":70,"column":112}},"type":"cond-expr","locations":[{"start":{"line":70,"column":82},"end":{"line":70,"column":97}},{"start":{"line":70,"column":100},"end":{"line":70,"column":112}}],"line":70},"4":{"loc":{"start":{"line":95,"column":109},"end":{"line":95,"column":161}},"type":"cond-expr","locations":[{"start":{"line":95,"column":122},"end":{"line":95,"column":129}},{"start":{"line":95,"column":132},"end":{"line":95,"column":161}}],"line":95},"5":{"loc":{"start":{"line":95,"column":132},"end":{"line":95,"column":161}},"type":"cond-expr","locations":[{"start":{"line":95,"column":145},"end":{"line":95,"column":153}},{"start":{"line":95,"column":156},"end":{"line":95,"column":161}}],"line":95}},"s":{"0":21,"1":21,"2":21,"3":21,"4":21,"5":0,"6":42,"7":2772,"8":0,"9":42,"10":42,"11":42,"12":42,"13":42,"14":42},"f":{"0":21,"1":21,"2":0,"3":42,"4":42},"b":{"0":[0,2772],"1":[42,42],"2":[42,42],"3":[24,18],"4":[38,4],"5":[2,2]},"_coverageSchema":"1a1c01bbd47fc00a2c39e90264f33305004495a9","hash":"a786afb90ca0ba48bdb970de965e5d9e214cee1b"}
,"/Users/maxchristl/Documents/University/Master/group_project/positive-statesman/frontend/src/store/actions/actions.js": {"path":"/Users/maxchristl/Documents/University/Master/group_project/positive-statesman/frontend/src/store/actions/actions.js","statementMap":{"0":{"start":{"line":5,"column":22},"end":{"line":5,"column":26}},"1":{"start":{"line":6,"column":4},"end":{"line":15,"column":5}},"2":{"start":{"line":7,"column":22},"end":{"line":7,"column":48}},"3":{"start":{"line":8,"column":8},"end":{"line":14,"column":9}},"4":{"start":{"line":8,"column":21},"end":{"line":8,"column":22}},"5":{"start":{"line":9,"column":25},"end":{"line":9,"column":69}},"6":{"start":{"line":10,"column":12},"end":{"line":13,"column":13}},"7":{"start":{"line":11,"column":16},"end":{"line":11,"column":84}},"8":{"start":{"line":12,"column":16},"end":{"line":12,"column":22}},"9":{"start":{"line":16,"column":4},"end":{"line":16,"column":23}},"10":{"start":{"line":20,"column":21},"end":{"line":43,"column":1}},"11":{"start":{"line":20,"column":45},"end":{"line":43,"column":1}},"12":{"start":{"line":24,"column":4},"end":{"line":24,"column":37}},"13":{"start":{"line":26,"column":4},"end":{"line":42,"column":9}},"14":{"start":{"line":35,"column":12},"end":{"line":41,"column":9}},"15":{"start":{"line":36,"column":16},"end":{"line":36,"column":74}},"16":{"start":{"line":37,"column":16},"end":{"line":37,"column":101}},"17":{"start":{"line":38,"column":16},"end":{"line":38,"column":47}},"18":{"start":{"line":40,"column":12},"end":{"line":40,"column":44}},"19":{"start":{"line":46,"column":22},"end":{"line":66,"column":1}},"20":{"start":{"line":46,"column":28},"end":{"line":66,"column":1}},"21":{"start":{"line":48,"column":4},"end":{"line":48,"column":35}},"22":{"start":{"line":50,"column":4},"end":{"line":65,"column":11}},"23":{"start":{"line":58,"column":12},"end":{"line":62,"column":13}},"24":{"start":{"line":59,"column":16},"end":{"line":59,"column":49}},"25":{"start":{"line":60,"column":16},"end":{"line":60,"column":58}},"26":{"start":{"line":61,"column":16},"end":{"line":61,"column":48}},"27":{"start":{"line":64,"column":12},"end":{"line":64,"column":43}},"28":{"start":{"line":70,"column":26},"end":{"line":96,"column":1}},"29":{"start":{"line":70,"column":57},"end":{"line":96,"column":1}},"30":{"start":{"line":74,"column":4},"end":{"line":74,"column":37}},"31":{"start":{"line":76,"column":4},"end":{"line":94,"column":11}},"32":{"start":{"line":85,"column":12},"end":{"line":91,"column":13}},"33":{"start":{"line":86,"column":16},"end":{"line":86,"column":58}},"34":{"start":{"line":87,"column":16},"end":{"line":87,"column":101}},"35":{"start":{"line":88,"column":16},"end":{"line":88,"column":47}},"36":{"start":{"line":89,"column":19},"end":{"line":91,"column":13}},"37":{"start":{"line":90,"column":16},"end":{"line":90,"column":48}},"38":{"start":{"line":93,"column":12},"end":{"line":93,"column":44}},"39":{"start":{"line":99,"column":29},"end":{"line":111,"column":1}},"40":{"start":{"line":99,"column":35},"end":{"line":111,"column":1}},"41":{"start":{"line":101,"column":4},"end":{"line":110,"column":5}},"42":{"start":{"line":102,"column":8},"end":{"line":102,"column":40}},"43":{"start":{"line":104,"column":8},"end":{"line":109,"column":9}},"44":{"start":{"line":105,"column":12},"end":{"line":105,"column":45}},"45":{"start":{"line":107,"column":12},"end":{"line":107,"column":44}},"46":{"start":{"line":118,"column":28},"end":{"line":149,"column":1}},"47":{"start":{"line":118,"column":70},"end":{"line":149,"column":1}},"48":{"start":{"line":120,"column":20},"end":{"line":120,"column":42}},"49":{"start":{"line":122,"column":4},"end":{"line":147,"column":7}},"50":{"start":{"line":132,"column":8},"end":{"line":143,"column":9}},"51":{"start":{"line":134,"column":12},"end":{"line":139,"column":13}},"52":{"start":{"line":136,"column":16},"end":{"line":136,"column":127}},"53":{"start":{"line":141,"column":15},"end":{"line":143,"column":9}},"54":{"start":{"line":152,"column":29},"end":{"line":154,"column":1}},"55":{"start":{"line":152,"column":56},"end":{"line":154,"column":1}},"56":{"start":{"line":153,"column":4},"end":{"line":153,"column":59}},"57":{"start":{"line":159,"column":4},"end":{"line":188,"column":5}},"58":{"start":{"line":160,"column":24},"end":{"line":160,"column":46}},"59":{"start":{"line":162,"column":25},"end":{"line":169,"column":10}},"60":{"start":{"line":171,"column":19},"end":{"line":171,"column":40}},"61":{"start":{"line":172,"column":18},"end":{"line":172,"column":27}},"62":{"start":{"line":175,"column":8},"end":{"line":183,"column":9}},"63":{"start":{"line":176,"column":12},"end":{"line":178,"column":15}},"64":{"start":{"line":177,"column":16},"end":{"line":177,"column":78}},"65":{"start":{"line":180,"column":12},"end":{"line":182,"column":15}},"66":{"start":{"line":181,"column":16},"end":{"line":181,"column":76}},"67":{"start":{"line":184,"column":8},"end":{"line":184,"column":111}},"68":{"start":{"line":187,"column":8},"end":{"line":187,"column":24}},"69":{"start":{"line":193,"column":29},"end":{"line":214,"column":1}},"70":{"start":{"line":193,"column":43},"end":{"line":214,"column":1}},"71":{"start":{"line":195,"column":4},"end":{"line":212,"column":7}},"72":{"start":{"line":203,"column":8},"end":{"line":208,"column":9}},"73":{"start":{"line":204,"column":12},"end":{"line":204,"column":121}},"74":{"start":{"line":206,"column":15},"end":{"line":208,"column":9}},"75":{"start":{"line":211,"column":8},"end":{"line":211,"column":53}}},"fnMap":{"0":{"name":"getCookie","decl":{"start":{"line":4,"column":9},"end":{"line":4,"column":18}},"loc":{"start":{"line":4,"column":25},"end":{"line":17,"column":1}},"line":4},"1":{"name":"(anonymous_1)","decl":{"start":{"line":20,"column":21},"end":{"line":20,"column":22}},"loc":{"start":{"line":20,"column":45},"end":{"line":43,"column":1}},"line":20},"2":{"name":"(anonymous_2)","decl":{"start":{"line":20,"column":45},"end":{"line":20,"column":46}},"loc":{"start":{"line":20,"column":57},"end":{"line":43,"column":1}},"line":20},"3":{"name":"(anonymous_3)","decl":{"start":{"line":34,"column":14},"end":{"line":34,"column":15}},"loc":{"start":{"line":34,"column":28},"end":{"line":41,"column":10}},"line":34},"4":{"name":"(anonymous_4)","decl":{"start":{"line":46,"column":22},"end":{"line":46,"column":23}},"loc":{"start":{"line":46,"column":28},"end":{"line":66,"column":1}},"line":46},"5":{"name":"(anonymous_5)","decl":{"start":{"line":46,"column":28},"end":{"line":46,"column":29}},"loc":{"start":{"line":46,"column":52},"end":{"line":66,"column":1}},"line":46},"6":{"name":"(anonymous_6)","decl":{"start":{"line":57,"column":12},"end":{"line":57,"column":13}},"loc":{"start":{"line":57,"column":26},"end":{"line":63,"column":9}},"line":57},"7":{"name":"(anonymous_7)","decl":{"start":{"line":63,"column":17},"end":{"line":63,"column":18}},"loc":{"start":{"line":63,"column":31},"end":{"line":65,"column":9}},"line":63},"8":{"name":"(anonymous_8)","decl":{"start":{"line":70,"column":26},"end":{"line":70,"column":27}},"loc":{"start":{"line":70,"column":57},"end":{"line":96,"column":1}},"line":70},"9":{"name":"(anonymous_9)","decl":{"start":{"line":70,"column":57},"end":{"line":70,"column":58}},"loc":{"start":{"line":70,"column":69},"end":{"line":96,"column":1}},"line":70},"10":{"name":"(anonymous_10)","decl":{"start":{"line":84,"column":14},"end":{"line":84,"column":15}},"loc":{"start":{"line":84,"column":28},"end":{"line":91,"column":14}},"line":84},"11":{"name":"(anonymous_11)","decl":{"start":{"line":92,"column":16},"end":{"line":92,"column":17}},"loc":{"start":{"line":92,"column":22},"end":{"line":94,"column":9}},"line":92},"12":{"name":"(anonymous_12)","decl":{"start":{"line":99,"column":29},"end":{"line":99,"column":30}},"loc":{"start":{"line":99,"column":35},"end":{"line":111,"column":1}},"line":99},"13":{"name":"(anonymous_13)","decl":{"start":{"line":99,"column":35},"end":{"line":99,"column":36}},"loc":{"start":{"line":99,"column":47},"end":{"line":111,"column":1}},"line":99},"14":{"name":"(anonymous_14)","decl":{"start":{"line":118,"column":28},"end":{"line":118,"column":29}},"loc":{"start":{"line":118,"column":70},"end":{"line":149,"column":1}},"line":118},"15":{"name":"(anonymous_15)","decl":{"start":{"line":118,"column":70},"end":{"line":118,"column":71}},"loc":{"start":{"line":118,"column":94},"end":{"line":149,"column":1}},"line":118},"16":{"name":"(anonymous_16)","decl":{"start":{"line":130,"column":12},"end":{"line":130,"column":13}},"loc":{"start":{"line":130,"column":26},"end":{"line":145,"column":5}},"line":130},"17":{"name":"(anonymous_17)","decl":{"start":{"line":146,"column":12},"end":{"line":146,"column":13}},"loc":{"start":{"line":146,"column":18},"end":{"line":147,"column":5}},"line":146},"18":{"name":"(anonymous_18)","decl":{"start":{"line":152,"column":29},"end":{"line":152,"column":30}},"loc":{"start":{"line":152,"column":56},"end":{"line":154,"column":1}},"line":152},"19":{"name":"(anonymous_19)","decl":{"start":{"line":152,"column":56},"end":{"line":152,"column":57}},"loc":{"start":{"line":152,"column":80},"end":{"line":154,"column":1}},"line":152},"20":{"name":"getAsyncData","decl":{"start":{"line":158,"column":15},"end":{"line":158,"column":27}},"loc":{"start":{"line":158,"column":71},"end":{"line":189,"column":1}},"line":158},"21":{"name":"(anonymous_21)","decl":{"start":{"line":176,"column":42},"end":{"line":176,"column":43}},"loc":{"start":{"line":176,"column":57},"end":{"line":178,"column":13}},"line":176},"22":{"name":"(anonymous_22)","decl":{"start":{"line":180,"column":42},"end":{"line":180,"column":43}},"loc":{"start":{"line":180,"column":57},"end":{"line":182,"column":13}},"line":180},"23":{"name":"(anonymous_23)","decl":{"start":{"line":193,"column":29},"end":{"line":193,"column":30}},"loc":{"start":{"line":193,"column":43},"end":{"line":214,"column":1}},"line":193},"24":{"name":"(anonymous_24)","decl":{"start":{"line":193,"column":43},"end":{"line":193,"column":44}},"loc":{"start":{"line":193,"column":67},"end":{"line":214,"column":1}},"line":193},"25":{"name":"(anonymous_25)","decl":{"start":{"line":202,"column":12},"end":{"line":202,"column":13}},"loc":{"start":{"line":202,"column":26},"end":{"line":209,"column":5}},"line":202},"26":{"name":"(anonymous_26)","decl":{"start":{"line":210,"column":12},"end":{"line":210,"column":13}},"loc":{"start":{"line":210,"column":18},"end":{"line":212,"column":5}},"line":210}},"branchMap":{"0":{"loc":{"start":{"line":6,"column":4},"end":{"line":15,"column":5}},"type":"if","locations":[{"start":{"line":6,"column":4},"end":{"line":15,"column":5}},{"start":{"line":6,"column":4},"end":{"line":15,"column":5}}],"line":6},"1":{"loc":{"start":{"line":6,"column":8},"end":{"line":6,"column":49}},"type":"binary-expr","locations":[{"start":{"line":6,"column":8},"end":{"line":6,"column":23}},{"start":{"line":6,"column":27},"end":{"line":6,"column":49}}],"line":6},"2":{"loc":{"start":{"line":10,"column":12},"end":{"line":13,"column":13}},"type":"if","locations":[{"start":{"line":10,"column":12},"end":{"line":13,"column":13}},{"start":{"line":10,"column":12},"end":{"line":13,"column":13}}],"line":10},"3":{"loc":{"start":{"line":35,"column":12},"end":{"line":41,"column":9}},"type":"if","locations":[{"start":{"line":35,"column":12},"end":{"line":41,"column":9}},{"start":{"line":35,"column":12},"end":{"line":41,"column":9}}],"line":35},"4":{"loc":{"start":{"line":58,"column":12},"end":{"line":62,"column":13}},"type":"if","locations":[{"start":{"line":58,"column":12},"end":{"line":62,"column":13}},{"start":{"line":58,"column":12},"end":{"line":62,"column":13}}],"line":58},"5":{"loc":{"start":{"line":85,"column":12},"end":{"line":91,"column":13}},"type":"if","locations":[{"start":{"line":85,"column":12},"end":{"line":91,"column":13}},{"start":{"line":85,"column":12},"end":{"line":91,"column":13}}],"line":85},"6":{"loc":{"start":{"line":89,"column":19},"end":{"line":91,"column":13}},"type":"if","locations":[{"start":{"line":89,"column":19},"end":{"line":91,"column":13}},{"start":{"line":89,"column":19},"end":{"line":91,"column":13}}],"line":89},"7":{"loc":{"start":{"line":101,"column":4},"end":{"line":110,"column":5}},"type":"if","locations":[{"start":{"line":101,"column":4},"end":{"line":110,"column":5}},{"start":{"line":101,"column":4},"end":{"line":110,"column":5}}],"line":101},"8":{"loc":{"start":{"line":104,"column":8},"end":{"line":109,"column":9}},"type":"if","locations":[{"start":{"line":104,"column":8},"end":{"line":109,"column":9}},{"start":{"line":104,"column":8},"end":{"line":109,"column":9}}],"line":104},"9":{"loc":{"start":{"line":118,"column":52},"end":{"line":118,"column":65}},"type":"default-arg","locations":[{"start":{"line":118,"column":61},"end":{"line":118,"column":65}}],"line":118},"10":{"loc":{"start":{"line":129,"column":14},"end":{"line":129,"column":140}},"type":"cond-expr","locations":[{"start":{"line":129,"column":37},"end":{"line":129,"column":41}},{"start":{"line":129,"column":45},"end":{"line":129,"column":139}}],"line":129},"11":{"loc":{"start":{"line":129,"column":45},"end":{"line":129,"column":139}},"type":"cond-expr","locations":[{"start":{"line":129,"column":70},"end":{"line":129,"column":102}},{"start":{"line":129,"column":105},"end":{"line":129,"column":139}}],"line":129},"12":{"loc":{"start":{"line":132,"column":8},"end":{"line":143,"column":9}},"type":"if","locations":[{"start":{"line":132,"column":8},"end":{"line":143,"column":9}},{"start":{"line":132,"column":8},"end":{"line":143,"column":9}}],"line":132},"13":{"loc":{"start":{"line":134,"column":12},"end":{"line":139,"column":13}},"type":"if","locations":[{"start":{"line":134,"column":12},"end":{"line":139,"column":13}},{"start":{"line":134,"column":12},"end":{"line":139,"column":13}}],"line":134},"14":{"loc":{"start":{"line":136,"column":33},"end":{"line":136,"column":98}},"type":"cond-expr","locations":[{"start":{"line":136,"column":58},"end":{"line":136,"column":76}},{"start":{"line":136,"column":79},"end":{"line":136,"column":98}}],"line":136},"15":{"loc":{"start":{"line":141,"column":15},"end":{"line":143,"column":9}},"type":"if","locations":[{"start":{"line":141,"column":15},"end":{"line":143,"column":9}},{"start":{"line":141,"column":15},"end":{"line":143,"column":9}}],"line":141},"16":{"loc":{"start":{"line":175,"column":8},"end":{"line":183,"column":9}},"type":"if","locations":[{"start":{"line":175,"column":8},"end":{"line":183,"column":9}},{"start":{"line":175,"column":8},"end":{"line":183,"column":9}}],"line":175},"17":{"loc":{"start":{"line":184,"column":25},"end":{"line":184,"column":90}},"type":"cond-expr","locations":[{"start":{"line":184,"column":50},"end":{"line":184,"column":68}},{"start":{"line":184,"column":71},"end":{"line":184,"column":90}}],"line":184},"18":{"loc":{"start":{"line":203,"column":8},"end":{"line":208,"column":9}},"type":"if","locations":[{"start":{"line":203,"column":8},"end":{"line":208,"column":9}},{"start":{"line":203,"column":8},"end":{"line":208,"column":9}}],"line":203},"19":{"loc":{"start":{"line":204,"column":29},"end":{"line":204,"column":92}},"type":"cond-expr","locations":[{"start":{"line":204,"column":54},"end":{"line":204,"column":71}},{"start":{"line":204,"column":74},"end":{"line":204,"column":92}}],"line":204},"20":{"loc":{"start":{"line":206,"column":15},"end":{"line":208,"column":9}},"type":"if","locations":[{"start":{"line":206,"column":15},"end":{"line":208,"column":9}},{"start":{"line":206,"column":15},"end":{"line":208,"column":9}}],"line":206}},"s":{"0":0,"1":0,"2":0,"3":0,"4":0,"5":0,"6":0,"7":0,"8":0,"9":0,"10":1,"11":0,"12":0,"13":0,"14":0,"15":0,"16":0,"17":0,"18":0,"19":1,"20":0,"21":0,"22":0,"23":0,"24":0,"25":0,"26":0,"27":0,"28":1,"29":0,"30":0,"31":0,"32":0,"33":0,"34":0,"35":0,"36":0,"37":0,"38":0,"39":1,"40":0,"41":0,"42":0,"43":0,"44":0,"45":0,"46":1,"47":0,"48":0,"49":0,"50":0,"51":0,"52":0,"53":0,"54":1,"55":0,"56":0,"57":0,"58":0,"59":0,"60":0,"61":0,"62":0,"63":0,"64":0,"65":0,"66":0,"67":0,"68":0,"69":1,"70":0,"71":0,"72":0,"73":0,"74":0,"75":0},"f":{"0":0,"1":0,"2":0,"3":0,"4":0,"5":0,"6":0,"7":0,"8":0,"9":0,"10":0,"11":0,"12":0,"13":0,"14":0,"15":0,"16":0,"17":0,"18":0,"19":0,"20":0,"21":0,"22":0,"23":0,"24":0,"25":0,"26":0},"b":{"0":[0,0],"1":[0,0],"2":[0,0],"3":[0,0],"4":[0,0],"5":[0,0],"6":[0,0],"7":[0,0],"8":[0,0],"9":[0],"10":[0,0],"11":[0,0],"12":[0,0],"13":[0,0],"14":[0,0],"15":[0,0],"16":[0,0],"17":[0,0],"18":[0,0],"19":[0,0],"20":[0,0]},"_coverageSchema":"1a1c01bbd47fc00a2c39e90264f33305004495a9","hash":"9447fb09a84cbcd4caf5a966a12e53064144208a"}
,"/Users/maxchristl/Documents/University/Master/group_project/positive-statesman/frontend/src/store/states/states.js": {"path":"/Users/maxchristl/Documents/University/Master/group_project/positive-statesman/frontend/src/store/states/states.js","statementMap":{"0":{"start":{"line":1,"column":26},"end":{"line":1,"column":38}},"1":{"start":{"line":2,"column":27},"end":{"line":2,"column":40}},"2":{"start":{"line":3,"column":29},"end":{"line":3,"column":44}},"3":{"start":{"line":4,"column":26},"end":{"line":4,"column":38}},"4":{"start":{"line":5,"column":34},"end":{"line":5,"column":54}},"5":{"start":{"line":6,"column":35},"end":{"line":6,"column":56}},"6":{"start":{"line":7,"column":33},"end":{"line":7,"column":52}},"7":{"start":{"line":8,"column":34},"end":{"line":8,"column":54}}},"fnMap":{},"branchMap":{},"s":{"0":1,"1":1,"2":1,"3":1,"4":1,"5":1,"6":1,"7":1},"f":{},"b":{},"_coverageSchema":"1a1c01bbd47fc00a2c39e90264f33305004495a9","hash":"a580f254c0a82b5000510f8ffbf487389aa46225"}
}
