TN:
SF:frontend/src/apiIntegration.js
FN:3,getCookie
FN:18,fetchArticles
FN:21,(anonymous_2)
FN:35,userFeedback
FN:46,(anonymous_4)
FN:47,(anonymous_5)
FN:52,addArticle
FN:70,searchArticle
FN:85,getTimeSeriesData
FNF:9
FNH:8
FNDA:7,getCookie
FNDA:3,fetchArticles
FNDA:18,(anonymous_2)
FNDA:3,userFeedback
FNDA:3,(anonymous_4)
FNDA:3,(anonymous_5)
FNDA:4,addArticle
FNDA:0,searchArticle
FNDA:4,getTimeSeriesData
DA:1,6
DA:4,7
DA:5,7
DA:6,0
DA:7,0
DA:8,0
DA:9,0
DA:10,0
DA:11,0
DA:15,7
DA:19,3
DA:20,3
DA:21,3
DA:22,18
DA:23,6
DA:24,6
DA:25,6
DA:29,3
DA:30,3
DA:32,3
DA:36,3
DA:38,3
DA:47,3
DA:53,4
DA:54,4
DA:55,4
DA:64,4
DA:66,0
DA:71,0
DA:72,0
DA:79,0
DA:81,0
DA:86,4
DA:87,4
DA:94,4
DA:96,0
LF:36
LH:24
BRDA:5,0,0,0
BRDA:5,0,1,7
BRDA:5,1,0,7
BRDA:5,1,1,0
BRDA:9,2,0,0
BRDA:9,2,1,0
BRDA:18,3,0,0
BRDA:22,4,0,6
BRDA:22,4,1,12
BRDA:23,5,0,3
BRDA:23,5,1,3
BRF:11
BRH:6
end_of_record
TN:
SF:frontend/src/assets/styles/components/analytics/Map.js
FNF:0
FNH:0
DA:1,1
LF:1
LH:1
BRF:0
BRH:0
end_of_record
TN:
SF:frontend/src/assets/styles/components/analytics/TimeSeries.js
FNF:0
FNH:0
DA:1,1
LF:1
LH:1
BRF:0
BRH:0
end_of_record
TN:
SF:frontend/src/assets/styles/components/headers/CategoryBar.js
FNF:0
FNH:0
DA:1,2
LF:1
LH:1
BRF:0
BRH:0
end_of_record
TN:
SF:frontend/src/assets/styles/components/headers/HeaderBar.js
FNF:0
FNH:0
DA:3,1
LF:1
LH:1
BRF:0
BRH:0
end_of_record
TN:
SF:frontend/src/assets/styles/components/newsfeed/ArticleVote.js
FNF:0
FNH:0
DA:1,3
LF:1
LH:1
BRF:0
BRH:0
end_of_record
TN:
SF:frontend/src/assets/styles/components/newsfeed/NewsFeedHeader.js
FNF:0
FNH:0
DA:1,1
LF:1
LH:1
BRF:0
BRH:0
end_of_record
TN:
SF:frontend/src/assets/styles/components/newsfeed/NewsFeedItem.js
FNF:0
FNH:0
DA:1,2
LF:1
LH:1
BRF:0
BRH:0
end_of_record
TN:
SF:frontend/src/components/Settings.js
FNF:0
FNH:0
DA:1,4
DA:9,4
DA:11,4
DA:13,4
DA:15,4
DA:17,4
DA:39,4
LF:7
LH:7
BRF:0
BRH:0
end_of_record
TN:
SF:frontend/src/components/analytics/Map.js
FN:24,(anonymous_0)
FN:32,(anonymous_1)
FN:36,(anonymous_2)
FN:45,(anonymous_3)
FN:46,(anonymous_4)
FN:58,(anonymous_5)
FN:72,(anonymous_6)
FN:91,(anonymous_7)
FN:92,(anonymous_8)
FNF:9
FNH:9
FNDA:2,(anonymous_0)
FNDA:2,(anonymous_1)
FNDA:4,(anonymous_2)
FNDA:2,(anonymous_3)
FNDA:2,(anonymous_4)
FNDA:106,(anonymous_5)
FNDA:4,(anonymous_6)
FNDA:4,(anonymous_7)
FNDA:708,(anonymous_8)
DA:21,1
DA:25,2
DA:26,2
DA:32,2
DA:33,2
DA:36,2
DA:37,4
DA:38,4
DA:39,4
DA:40,4
DA:41,4
DA:42,4
DA:45,2
DA:46,2
DA:47,2
DA:48,2
DA:49,356
DA:50,354
DA:54,2
DA:58,2
DA:59,106
DA:60,106
DA:61,22
DA:62,22
DA:65,84
DA:66,84
DA:68,106
DA:69,106
DA:73,4
DA:74,4
DA:92,4
DA:93,708
DA:94,708
LF:33
LH:33
BRDA:36,0,0,0
BRDA:49,1,0,354
BRDA:49,1,1,2
BRDA:54,2,0,2
BRDA:54,2,1,0
BRDA:60,3,0,22
BRDA:60,3,1,84
BRDA:95,4,0,106
BRDA:95,4,1,602
BRDA:95,5,0,708
BRDA:95,5,1,354
BRF:11
BRH:9
end_of_record
TN:
SF:frontend/src/components/analytics/TimeSeries.js
FN:25,(anonymous_0)
FN:34,(anonymous_1)
FN:38,(anonymous_2)
FN:47,(anonymous_3)
FN:48,(anonymous_4)
FN:61,(anonymous_5)
FN:85,(anonymous_6)
FNF:7
FNH:7
FNDA:2,(anonymous_0)
FNDA:2,(anonymous_1)
FNDA:4,(anonymous_2)
FNDA:2,(anonymous_3)
FNDA:2,(anonymous_4)
FNDA:4,(anonymous_5)
FNDA:16,(anonymous_6)
DA:21,1
DA:26,2
DA:27,2
DA:34,2
DA:35,2
DA:38,2
DA:39,4
DA:40,4
DA:41,4
DA:42,4
DA:43,4
DA:44,4
DA:47,2
DA:48,2
DA:49,2
DA:50,14
DA:51,112
DA:52,98
DA:56,2
DA:62,4
DA:63,4
DA:86,16
LF:22
LH:22
BRDA:38,0,0,0
BRDA:51,1,0,98
BRDA:51,1,1,14
BRDA:56,2,0,2
BRDA:56,2,1,0
BRDA:85,3,0,4
BRDA:85,3,1,0
BRDA:86,4,0,14
BRDA:86,4,1,2
BRF:9
BRH:6
end_of_record
TN:
SF:frontend/src/components/headers/CategoryBar.js
FN:19,(anonymous_0)
FN:31,(anonymous_1)
FN:32,(anonymous_2)
FNF:3
FNH:3
FNDA:45,(anonymous_0)
FNDA:315,(anonymous_1)
FNDA:315,(anonymous_2)
DA:21,45
DA:22,45
DA:32,315
LF:3
LH:3
BRDA:26,0,0,0
BRDA:26,0,1,45
BRDA:26,1,0,45
BRDA:26,1,1,0
BRDA:26,1,2,0
BRF:5
BRH:2
end_of_record
TN:
SF:frontend/src/components/headers/HeaderBar.js
FN:44,(anonymous_0)
FN:62,(anonymous_1)
FN:66,(anonymous_2)
FN:68,(anonymous_3)
FN:83,(anonymous_4)
FN:87,(anonymous_5)
FN:91,(anonymous_6)
FN:98,(anonymous_7)
FN:102,(anonymous_8)
FN:106,(anonymous_9)
FN:110,(anonymous_10)
FN:114,(anonymous_11)
FN:119,(anonymous_12)
FN:137,(anonymous_13)
FN:240,(anonymous_14)
FNF:15
FNH:8
FNDA:12,(anonymous_0)
FNDA:2,(anonymous_1)
FNDA:4,(anonymous_2)
FNDA:4,(anonymous_3)
FNDA:7,(anonymous_4)
FNDA:0,(anonymous_5)
FNDA:2,(anonymous_6)
FNDA:0,(anonymous_7)
FNDA:0,(anonymous_8)
FNDA:0,(anonymous_9)
FNDA:0,(anonymous_10)
FNDA:0,(anonymous_11)
FNDA:32,(anonymous_12)
FNDA:0,(anonymous_13)
FNDA:12,(anonymous_14)
DA:45,12
DA:46,12
DA:57,1
DA:62,12
DA:63,2
DA:66,12
DA:67,4
DA:68,4
DA:69,4
DA:77,4
DA:78,0
DA:80,4
DA:83,12
DA:84,7
DA:87,12
DA:88,0
DA:91,12
DA:92,2
DA:93,2
DA:98,12
DA:99,0
DA:102,12
DA:103,0
DA:106,12
DA:107,0
DA:110,12
DA:111,0
DA:114,12
DA:115,0
DA:121,32
DA:122,32
DA:137,0
DA:240,12
LF:33
LH:25
BRDA:67,0,0,4
BRDA:67,0,1,0
BRDA:70,1,0,4
BRDA:70,1,1,0
BRDA:77,2,0,0
BRDA:77,2,1,4
BRDA:92,3,0,2
BRDA:92,3,1,0
BRDA:161,4,0,0
BRDA:161,4,1,32
BRDA:172,5,0,9
BRDA:172,5,1,23
BRDA:219,6,0,0
BRDA:219,6,1,32
BRF:14
BRH:8
end_of_record
TN:
SF:frontend/src/components/newsfeed/ArticleVote.js
FN:21,(anonymous_0)
FN:30,(anonymous_1)
FN:48,(anonymous_2)
FN:54,(anonymous_3)
FN:57,(anonymous_4)
FN:60,(anonymous_5)
FNF:6
FNH:5
FNDA:24,(anonymous_0)
FNDA:48,(anonymous_1)
FNDA:0,(anonymous_2)
FNDA:1,(anonymous_3)
FNDA:1,(anonymous_4)
FNDA:1,(anonymous_5)
DA:22,24
DA:24,24
DA:32,48
DA:34,48
DA:48,0
DA:54,1
DA:57,1
DA:60,1
LF:8
LH:7
BRF:0
BRH:0
end_of_record
TN:
SF:frontend/src/components/newsfeed/NewsFeedHeader.js
FN:22,(anonymous_0)
FN:29,(anonymous_1)
FN:38,(anonymous_2)
FN:47,(anonymous_3)
FN:65,(anonymous_4)
FNF:5
FNH:5
FNDA:3,(anonymous_0)
FNDA:3,(anonymous_1)
FNDA:9,(anonymous_2)
FNDA:9,(anonymous_3)
FNDA:12,(anonymous_4)
DA:23,3
DA:24,3
DA:34,3
DA:35,3
DA:39,9
DA:44,9
DA:45,9
DA:47,9
DA:48,9
DA:49,9
DA:50,18
DA:52,9
DA:55,9
DA:66,12
LF:14
LH:14
BRDA:50,0,0,18
BRDA:50,0,1,0
BRDA:61,1,0,3
BRDA:61,1,1,6
BRDA:65,2,0,1
BRDA:65,2,1,2
BRDA:65,3,0,1
BRDA:65,3,1,1
BRDA:73,4,0,0
BRDA:73,4,1,6
BRF:10
BRH:8
end_of_record
TN:
SF:frontend/src/components/newsfeed/NewsFeedItem.js
FN:31,(anonymous_0)
FN:38,(anonymous_1)
FN:43,(anonymous_2)
FN:49,(anonymous_3)
FN:59,(anonymous_4)
FNF:5
FNH:4
FNDA:21,(anonymous_0)
FNDA:21,(anonymous_1)
FNDA:0,(anonymous_2)
FNDA:42,(anonymous_3)
FNDA:42,(anonymous_4)
DA:32,21
DA:33,21
DA:40,21
DA:41,21
DA:43,21
DA:44,0
DA:50,42
DA:51,2772
DA:52,0
DA:55,42
DA:60,42
DA:61,42
DA:63,42
DA:65,42
DA:68,42
LF:15
LH:13
BRDA:51,0,0,0
BRDA:51,0,1,2772
BRDA:63,1,0,42
BRDA:63,1,1,42
BRDA:65,2,0,42
BRDA:65,2,1,42
BRDA:70,3,0,24
BRDA:70,3,1,18
BRDA:95,4,0,38
BRDA:95,4,1,4
BRDA:95,5,0,2
BRDA:95,5,1,2
BRF:12
BRH:11
end_of_record
TN:
SF:frontend/src/store/actions/actions.js
FN:4,getCookie
FN:20,(anonymous_1)
FN:20,(anonymous_2)
FN:34,(anonymous_3)
FN:46,(anonymous_4)
FN:46,(anonymous_5)
FN:57,(anonymous_6)
FN:63,(anonymous_7)
FN:70,(anonymous_8)
FN:70,(anonymous_9)
FN:84,(anonymous_10)
FN:92,(anonymous_11)
FN:99,(anonymous_12)
FN:99,(anonymous_13)
FN:118,(anonymous_14)
FN:118,(anonymous_15)
FN:130,(anonymous_16)
FN:146,(anonymous_17)
FN:152,(anonymous_18)
FN:152,(anonymous_19)
FN:158,getAsyncData
FN:176,(anonymous_21)
FN:180,(anonymous_22)
FN:193,(anonymous_23)
FN:193,(anonymous_24)
FN:202,(anonymous_25)
FN:210,(anonymous_26)
FNF:27
FNH:0
FNDA:0,getCookie
FNDA:0,(anonymous_1)
FNDA:0,(anonymous_2)
FNDA:0,(anonymous_3)
FNDA:0,(anonymous_4)
FNDA:0,(anonymous_5)
FNDA:0,(anonymous_6)
FNDA:0,(anonymous_7)
FNDA:0,(anonymous_8)
FNDA:0,(anonymous_9)
FNDA:0,(anonymous_10)
FNDA:0,(anonymous_11)
FNDA:0,(anonymous_12)
FNDA:0,(anonymous_13)
FNDA:0,(anonymous_14)
FNDA:0,(anonymous_15)
FNDA:0,(anonymous_16)
FNDA:0,(anonymous_17)
FNDA:0,(anonymous_18)
FNDA:0,(anonymous_19)
FNDA:0,getAsyncData
FNDA:0,(anonymous_21)
FNDA:0,(anonymous_22)
FNDA:0,(anonymous_23)
FNDA:0,(anonymous_24)
FNDA:0,(anonymous_25)
FNDA:0,(anonymous_26)
DA:5,0
DA:6,0
DA:7,0
DA:8,0
DA:9,0
DA:10,0
DA:11,0
DA:12,0
DA:16,0
DA:20,1
DA:24,0
DA:26,0
DA:35,0
DA:36,0
DA:37,0
DA:38,0
DA:40,0
DA:46,1
DA:48,0
DA:50,0
DA:58,0
DA:59,0
DA:60,0
DA:61,0
DA:64,0
DA:70,1
DA:74,0
DA:76,0
DA:85,0
DA:86,0
DA:87,0
DA:88,0
DA:89,0
DA:90,0
DA:93,0
DA:99,1
DA:101,0
DA:102,0
DA:104,0
DA:105,0
DA:107,0
DA:118,1
DA:120,0
DA:122,0
DA:132,0
DA:134,0
DA:136,0
DA:141,0
DA:152,1
DA:153,0
DA:159,0
DA:160,0
DA:162,0
DA:171,0
DA:172,0
DA:175,0
DA:176,0
DA:177,0
DA:180,0
DA:181,0
DA:184,0
DA:187,0
DA:193,1
DA:195,0
DA:203,0
DA:204,0
DA:206,0
DA:211,0
LF:68
LH:7
BRDA:6,0,0,0
BRDA:6,0,1,0
BRDA:6,1,0,0
BRDA:6,1,1,0
BRDA:10,2,0,0
BRDA:10,2,1,0
BRDA:35,3,0,0
BRDA:35,3,1,0
BRDA:58,4,0,0
BRDA:58,4,1,0
BRDA:85,5,0,0
BRDA:85,5,1,0
BRDA:89,6,0,0
BRDA:89,6,1,0
BRDA:101,7,0,0
BRDA:101,7,1,0
BRDA:104,8,0,0
BRDA:104,8,1,0
BRDA:118,9,0,0
BRDA:129,10,0,0
BRDA:129,10,1,0
BRDA:129,11,0,0
BRDA:129,11,1,0
BRDA:132,12,0,0
BRDA:132,12,1,0
BRDA:134,13,0,0
BRDA:134,13,1,0
BRDA:136,14,0,0
BRDA:136,14,1,0
BRDA:141,15,0,0
BRDA:141,15,1,0
BRDA:175,16,0,0
BRDA:175,16,1,0
BRDA:184,17,0,0
BRDA:184,17,1,0
BRDA:203,18,0,0
BRDA:203,18,1,0
BRDA:204,19,0,0
BRDA:204,19,1,0
BRDA:206,20,0,0
BRDA:206,20,1,0
BRF:41
BRH:0
end_of_record
TN:
SF:frontend/src/store/states/states.js
FNF:0
FNH:0
DA:1,1
DA:2,1
DA:3,1
DA:4,1
DA:5,1
DA:6,1
DA:7,1
DA:8,1
LF:8
LH:8
BRF:0
BRH:0
end_of_record
