TN:
SF:frontend/src/apiIntegration.js
FN:3,getCookie
FN:18,fetchArticles
FN:21,(anonymous_2)
FN:39,userFeedback
FN:52,addStory
FN:64,(anonymous_5)
FN:66,(anonymous_6)
FNF:7
FNH:4
FNDA:4,getCookie
FNDA:0,fetchArticles
FNDA:0,(anonymous_2)
FNDA:0,userFeedback
FNDA:4,addStory
FNDA:4,(anonymous_5)
FNDA:4,(anonymous_6)
DA:1,1
DA:4,4
DA:5,4
DA:6,0
DA:7,0
DA:8,0
DA:9,0
DA:10,0
DA:11,0
DA:15,4
DA:19,0
DA:20,0
DA:21,0
DA:22,0
DA:23,0
DA:24,0
DA:25,0
DA:29,0
DA:30,0
DA:32,0
DA:40,0
DA:41,0
DA:53,4
DA:54,4
DA:56,4
DA:65,4
DA:66,4
DA:67,4
LF:28
LH:10
BRDA:5,0,0,0
BRDA:5,0,1,4
BRDA:5,1,0,4
BRDA:5,1,1,0
BRDA:9,2,0,0
BRDA:9,2,1,0
BRDA:18,3,0,0
BRDA:22,4,0,0
BRDA:22,4,1,0
BRDA:23,5,0,0
BRDA:23,5,1,0
BRF:11
BRH:2
end_of_record
TN:
SF:frontend/src/assets/styles/components/headers/CategoryBar.js
FNF:0
FNH:0
DA:1,1
LF:1
LH:1
BRF:0
BRH:0
end_of_record
TN:
SF:frontend/src/assets/styles/components/headers/HeaderBar.js
FNF:0
FNH:0
DA:3,1
LF:1
LH:1
BRF:0
BRH:0
end_of_record
TN:
SF:frontend/src/components/headers/CategoryBar.js
FN:16,(anonymous_0)
FN:23,(anonymous_1)
FN:27,(anonymous_2)
FNF:3
FNH:2
FNDA:10,(anonymous_0)
FNDA:0,(anonymous_1)
FNDA:23,(anonymous_2)
DA:17,10
DA:18,10
DA:23,10
DA:24,0
DA:28,23
DA:29,23
LF:6
LH:5
BRF:0
BRH:0
end_of_record
TN:
SF:frontend/src/components/headers/HeaderBar.js
FN:28,(anonymous_0)
FN:36,(anonymous_1)
FN:40,(anonymous_2)
FN:45,(anonymous_3)
FN:49,(anonymous_4)
FN:55,(anonymous_5)
FNF:6
FNH:6
FNDA:10,(anonymous_0)
FNDA:2,(anonymous_1)
FNDA:4,(anonymous_2)
FNDA:11,(anonymous_3)
FNDA:2,(anonymous_4)
FNDA:23,(anonymous_5)
DA:29,10
DA:30,10
DA:36,10
DA:37,2
DA:40,10
DA:41,4
DA:42,4
DA:45,10
DA:46,11
DA:49,10
DA:50,2
DA:51,2
DA:56,23
DA:57,23
LF:14
LH:14
BRDA:50,0,0,2
BRDA:50,0,1,0
BRDA:65,1,0,23
BRDA:65,1,1,14
BRDA:80,2,0,9
BRDA:80,2,1,14
BRF:6
BRH:5
end_of_record
